This file contains any messages produced by compilers while
running configure, to aid debugging if configure makes a mistake.

It was created by dptcpp configure 0.1, which was
generated by GNU Autoconf 2.68.  Invocation command line was

  $ ./configure PKG_CONFIG_PATH=:/opt/qt/lib/pkgconfig --no-create --no-recursion

## --------- ##
## Platform. ##
## --------- ##

hostname = athen
uname -m = i686
uname -r = 3.2.13-athen
uname -s = Linux
uname -v = #27 SMP PREEMPT Wed Mar 28 13:14:17 CEST 2012

/usr/bin/uname -p = unknown
/bin/uname -X     = unknown

/bin/arch              = unknown
/usr/bin/arch -k       = unknown
/usr/convex/getsysinfo = unknown
/usr/bin/hostinfo      = unknown
/bin/machine           = unknown
/usr/bin/oslevel       = unknown
/bin/universe          = unknown

PATH: /usr/local/bin
PATH: /usr/bin
PATH: /bin
PATH: /usr/local/sbin
PATH: /usr/sbin
PATH: /sbin
PATH: /usr/share/java/apache-ant/bin
PATH: /opt/java/bin
PATH: /opt/java/db/bin
PATH: /opt/java/jre/bin
PATH: /usr/bin/core_perl
PATH: /opt/qt/bin
PATH: /home/denes/Devel/Bleeding/denprot/clidev
PATH: /home/denes/Scripts
PATH: /usr/share/java/apache-ant/bin


## ----------- ##
## Core tests. ##
## ----------- ##

configure:2555: checking build system type
configure:2569: result: i686-pc-linux-gnu
configure:2589: checking host system type
configure:2602: result: i686-pc-linux-gnu
configure:2643: checking how to print strings
configure:2670: result: printf
configure:2739: checking for gcc
configure:2755: found /usr/bin/gcc
configure:2766: result: gcc
configure:2995: checking for C compiler version
configure:3004: gcc --version >&5
gcc (GCC) 4.7.0 20120324 (prerelease)
Copyright (C) 2012 Free Software Foundation, Inc.
This is free software; see the source for copying conditions.  There is NO
warranty; not even for MERCHANTABILITY or FITNESS FOR A PARTICULAR PURPOSE.

configure:3015: $? = 0
configure:3004: gcc -v >&5
Using built-in specs.
COLLECT_GCC=gcc
COLLECT_LTO_WRAPPER=/usr/lib/gcc/i686-pc-linux-gnu/4.7.0/lto-wrapper
Target: i686-pc-linux-gnu
Configured with: /build/src/gcc-4.7-20120324/configure --prefix=/usr --libdir=/usr/lib --libexecdir=/usr/lib --mandir=/usr/share/man --infodir=/usr/share/info --with-bugurl=https://bugs.archlinux.org/ --enable-languages=c,c++,ada,fortran,go,lto,objc,obj-c++ --enable-shared --enable-threads=posix --with-system-zlib --enable-__cxa_atexit --disable-libunwind-exceptions --enable-clocale=gnu --disable-libstdcxx-pch --enable-libstdcxx-time --enable-gnu-unique-object --enable-linker-build-id --with-ppl --enable-cloog-backend=isl --enable-lto --enable-gold --enable-ld=default --enable-plugin --with-plugin-ld=ld.gold --with-linker-hash-style=gnu --disable-multilib --disable-libssp --disable-build-with-cxx --disable-build-poststage1-with-cxx --enable-checking=release
Thread model: posix
gcc version 4.7.0 20120324 (prerelease) (GCC) 
configure:3015: $? = 0
configure:3004: gcc -V >&5
gcc: error: unrecognized command line option '-V'
gcc: fatal error: no input files
compilation terminated.
configure:3015: $? = 1
configure:3004: gcc -qversion >&5
gcc: error: unrecognized command line option '-qversion'
gcc: fatal error: no input files
compilation terminated.
configure:3015: $? = 1
configure:3035: checking whether the C compiler works
configure:3057: gcc    conftest.c  >&5
configure:3061: $? = 0
configure:3109: result: yes
configure:3112: checking for C compiler default output file name
configure:3114: result: a.out
configure:3120: checking for suffix of executables
configure:3127: gcc -o conftest    conftest.c  >&5
configure:3131: $? = 0
configure:3153: result: 
configure:3175: checking whether we are cross compiling
configure:3183: gcc -o conftest    conftest.c  >&5
configure:3187: $? = 0
configure:3194: ./conftest
configure:3198: $? = 0
configure:3213: result: no
configure:3218: checking for suffix of object files
configure:3240: gcc -c   conftest.c >&5
configure:3244: $? = 0
configure:3265: result: o
configure:3269: checking whether we are using the GNU C compiler
configure:3288: gcc -c   conftest.c >&5
configure:3288: $? = 0
configure:3297: result: yes
configure:3306: checking whether gcc accepts -g
configure:3326: gcc -c -g  conftest.c >&5
configure:3326: $? = 0
configure:3367: result: yes
configure:3384: checking for gcc option to accept ISO C89
configure:3448: gcc  -c -g -O2  conftest.c >&5
configure:3448: $? = 0
configure:3461: result: none needed
configure:3481: checking for a sed that does not truncate output
configure:3545: result: /bin/sed
configure:3563: checking for grep that handles long lines and -e
configure:3621: result: /usr/bin/grep
configure:3626: checking for egrep
configure:3688: result: /usr/bin/grep -E
configure:3693: checking for fgrep
configure:3755: result: /usr/bin/grep -F
configure:3790: checking for ld used by gcc
configure:3857: result: /usr/bin/ld
configure:3864: checking if the linker (/usr/bin/ld) is GNU ld
configure:3879: result: yes
configure:3891: checking for BSD- or MS-compatible name lister (nm)
configure:3940: result: /usr/bin/nm -B
configure:4070: checking the name lister (/usr/bin/nm -B) interface
configure:4077: gcc -c -g -O2  conftest.c >&5
configure:4080: /usr/bin/nm -B "conftest.o"
configure:4083: output
00000000 B some_variable
configure:4090: result: BSD nm
configure:4093: checking whether ln -s works
configure:4097: result: yes
configure:4105: checking the maximum length of command line arguments
configure:4235: result: 1572864
configure:4252: checking whether the shell understands some XSI constructs
configure:4262: result: yes
configure:4266: checking whether the shell understands "+="
configure:4272: result: yes
configure:4307: checking how to convert i686-pc-linux-gnu file names to i686-pc-linux-gnu format
configure:4347: result: func_convert_file_noop
configure:4354: checking how to convert i686-pc-linux-gnu file names to toolchain format
configure:4374: result: func_convert_file_noop
configure:4381: checking for /usr/bin/ld option to reload object files
configure:4388: result: -r
configure:4462: checking for objdump
configure:4478: found /usr/bin/objdump
configure:4489: result: objdump
configure:4521: checking how to recognize dependent libraries
configure:4723: result: pass_all
configure:4808: checking for dlltool
configure:4838: result: no
configure:4868: checking how to associate runtime and link libraries
configure:4895: result: printf %s\n
configure:4956: checking for ar
configure:4972: found /usr/bin/ar
configure:4983: result: ar
configure:5020: checking for archiver @FILE support
configure:5037: gcc -c -g -O2  conftest.c >&5
configure:5037: $? = 0
configure:5040: ar cru libconftest.a @conftest.lst >&5
configure:5043: $? = 0
configure:5048: ar cru libconftest.a @conftest.lst >&5
ar: conftest.o: No such file or directory
configure:5051: $? = 1
configure:5063: result: @
configure:5121: checking for strip
configure:5137: found /usr/bin/strip
configure:5148: result: strip
configure:5220: checking for ranlib
configure:5236: found /usr/bin/ranlib
configure:5247: result: ranlib
configure:5324: checking for gawk
configure:5340: found /usr/bin/gawk
configure:5351: result: gawk
configure:5391: checking command to parse /usr/bin/nm -B output from gcc object
configure:5511: gcc -c -g -O2  conftest.c >&5
configure:5514: $? = 0
configure:5518: /usr/bin/nm -B conftest.o \| sed -n -e 's/^.*[ ]\([ABCDGIRSTW][ABCDGIRSTW]*\)[ ][ ]*\([_A-Za-z][_A-Za-z0-9]*\)$/\1 \2 \2/p' | sed '/ __gnu_lto/d' \> conftest.nm
configure:5521: $? = 0
configure:5587: gcc -o conftest -g -O2   conftest.c conftstm.o >&5
configure:5590: $? = 0
configure:5628: result: ok
configure:5665: checking for sysroot
configure:5695: result: no
configure:5951: checking for mt
configure:5981: result: no
configure:6001: checking if : is a manifest tool
configure:6007: : '-?'
configure:6015: result: no
configure:6657: checking how to run the C preprocessor
configure:6688: gcc -E  conftest.c
configure:6688: $? = 0
configure:6702: gcc -E  conftest.c
conftest.c:9:28: fatal error: ac_nonexistent.h: No such file or directory
compilation terminated.
configure:6702: $? = 1
configure: failed program was:
| /* confdefs.h */
| #define PACKAGE_NAME "dptcpp"
| #define PACKAGE_TARNAME "dptcpp"
| #define PACKAGE_VERSION "0.1"
| #define PACKAGE_STRING "dptcpp 0.1"
| #define PACKAGE_BUGREPORT "denes.almasi@gmail.com"
| #define PACKAGE_URL ""
| /* end confdefs.h.  */
| #include <ac_nonexistent.h>
configure:6727: result: gcc -E
configure:6747: gcc -E  conftest.c
configure:6747: $? = 0
configure:6761: gcc -E  conftest.c
conftest.c:9:28: fatal error: ac_nonexistent.h: No such file or directory
compilation terminated.
configure:6761: $? = 1
configure: failed program was:
| /* confdefs.h */
| #define PACKAGE_NAME "dptcpp"
| #define PACKAGE_TARNAME "dptcpp"
| #define PACKAGE_VERSION "0.1"
| #define PACKAGE_STRING "dptcpp 0.1"
| #define PACKAGE_BUGREPORT "denes.almasi@gmail.com"
| #define PACKAGE_URL ""
| /* end confdefs.h.  */
| #include <ac_nonexistent.h>
configure:6790: checking for ANSI C header files
configure:6810: gcc -c -g -O2  conftest.c >&5
configure:6810: $? = 0
configure:6883: gcc -o conftest -g -O2   conftest.c  >&5
configure:6883: $? = 0
configure:6883: ./conftest
configure:6883: $? = 0
configure:6894: result: yes
configure:6907: checking for sys/types.h
configure:6907: gcc -c -g -O2  conftest.c >&5
configure:6907: $? = 0
configure:6907: result: yes
configure:6907: checking for sys/stat.h
configure:6907: gcc -c -g -O2  conftest.c >&5
configure:6907: $? = 0
configure:6907: result: yes
configure:6907: checking for stdlib.h
configure:6907: gcc -c -g -O2  conftest.c >&5
configure:6907: $? = 0
configure:6907: result: yes
configure:6907: checking for string.h
configure:6907: gcc -c -g -O2  conftest.c >&5
configure:6907: $? = 0
configure:6907: result: yes
configure:6907: checking for memory.h
configure:6907: gcc -c -g -O2  conftest.c >&5
configure:6907: $? = 0
configure:6907: result: yes
configure:6907: checking for strings.h
configure:6907: gcc -c -g -O2  conftest.c >&5
configure:6907: $? = 0
configure:6907: result: yes
configure:6907: checking for inttypes.h
configure:6907: gcc -c -g -O2  conftest.c >&5
configure:6907: $? = 0
configure:6907: result: yes
configure:6907: checking for stdint.h
configure:6907: gcc -c -g -O2  conftest.c >&5
configure:6907: $? = 0
configure:6907: result: yes
configure:6907: checking for unistd.h
configure:6907: gcc -c -g -O2  conftest.c >&5
configure:6907: $? = 0
configure:6907: result: yes
configure:6921: checking for dlfcn.h
configure:6921: gcc -c -g -O2  conftest.c >&5
configure:6921: $? = 0
configure:6921: result: yes
configure:7127: checking for objdir
configure:7142: result: .libs
configure:7409: checking if gcc supports -fno-rtti -fno-exceptions
configure:7427: gcc -c -g -O2  -fno-rtti -fno-exceptions conftest.c >&5
cc1: warning: command line option '-fno-rtti' is valid for C++/ObjC++ but not for C [enabled by default]
configure:7431: $? = 0
configure:7444: result: no
configure:7771: checking for gcc option to produce PIC
configure:7778: result: -fPIC -DPIC
configure:7786: checking if gcc PIC flag -fPIC -DPIC works
configure:7804: gcc -c -g -O2  -fPIC -DPIC -DPIC conftest.c >&5
configure:7808: $? = 0
configure:7821: result: yes
configure:7850: checking if gcc static flag -static works
configure:7878: result: yes
configure:7893: checking if gcc supports -c -o file.o
configure:7914: gcc -c -g -O2  -o out/conftest2.o conftest.c >&5
configure:7918: $? = 0
configure:7940: result: yes
configure:7948: checking if gcc supports -c -o file.o
configure:7995: result: yes
configure:8028: checking whether the gcc linker (/usr/bin/ld) supports shared libraries
configure:9181: result: yes
configure:9218: checking whether -lc should be explicitly linked in
configure:9226: gcc -c -g -O2  conftest.c >&5
configure:9229: $? = 0
configure:9244: gcc -shared  -fPIC -DPIC conftest.o  -v -Wl,-soname -Wl,conftest -o conftest 2\>\&1 \| /usr/bin/grep  -lc  \>/dev/null 2\>\&1
configure:9247: $? = 0
configure:9261: result: no
configure:9421: checking dynamic linker characteristics
configure:9932: gcc -o conftest -g -O2   -Wl,-rpath -Wl,/foo conftest.c  >&5
configure:9932: $? = 0
configure:10154: result: GNU/Linux ld.so
configure:10261: checking how to hardcode library paths into programs
configure:10286: result: immediate
configure:10826: checking whether stripping libraries is possible
configure:10831: result: yes
configure:10866: checking if libtool supports shared libraries
configure:10868: result: yes
configure:10871: checking whether to build shared libraries
configure:10892: result: yes
configure:10895: checking whether to build static libraries
configure:10899: result: yes
configure:10952: checking for a BSD-compatible install
configure:11020: result: /usr/bin/install -c
configure:11031: checking whether build environment is sane
configure:11081: result: yes
configure:11222: checking for a thread-safe mkdir -p
configure:11261: result: /bin/mkdir -p
configure:11270: checking whether make sets $(MAKE)
configure:11292: result: yes
configure:11322: checking for style of include used by make
configure:11350: result: GNU
configure:11436: checking dependency style of gcc
configure:11547: result: gcc3
configure:11621: checking for g++
configure:11637: found /usr/bin/g++
configure:11648: result: g++
configure:11675: checking for C++ compiler version
configure:11684: g++ --version >&5
g++ (GCC) 4.7.0 20120324 (prerelease)
Copyright (C) 2012 Free Software Foundation, Inc.
This is free software; see the source for copying conditions.  There is NO
warranty; not even for MERCHANTABILITY or FITNESS FOR A PARTICULAR PURPOSE.

configure:11695: $? = 0
configure:11684: g++ -v >&5
Using built-in specs.
COLLECT_GCC=g++
COLLECT_LTO_WRAPPER=/usr/lib/gcc/i686-pc-linux-gnu/4.7.0/lto-wrapper
Target: i686-pc-linux-gnu
Configured with: /build/src/gcc-4.7-20120324/configure --prefix=/usr --libdir=/usr/lib --libexecdir=/usr/lib --mandir=/usr/share/man --infodir=/usr/share/info --with-bugurl=https://bugs.archlinux.org/ --enable-languages=c,c++,ada,fortran,go,lto,objc,obj-c++ --enable-shared --enable-threads=posix --with-system-zlib --enable-__cxa_atexit --disable-libunwind-exceptions --enable-clocale=gnu --disable-libstdcxx-pch --enable-libstdcxx-time --enable-gnu-unique-object --enable-linker-build-id --with-ppl --enable-cloog-backend=isl --enable-lto --enable-gold --enable-ld=default --enable-plugin --with-plugin-ld=ld.gold --with-linker-hash-style=gnu --disable-multilib --disable-libssp --disable-build-with-cxx --disable-build-poststage1-with-cxx --enable-checking=release
Thread model: posix
gcc version 4.7.0 20120324 (prerelease) (GCC) 
configure:11695: $? = 0
configure:11684: g++ -V >&5
g++: error: unrecognized command line option '-V'
g++: fatal error: no input files
compilation terminated.
configure:11695: $? = 1
configure:11684: g++ -qversion >&5
g++: error: unrecognized command line option '-qversion'
g++: fatal error: no input files
compilation terminated.
configure:11695: $? = 1
configure:11699: checking whether we are using the GNU C++ compiler
configure:11718: g++ -c   conftest.cpp >&5
configure:11718: $? = 0
configure:11727: result: yes
configure:11736: checking whether g++ accepts -g
configure:11756: g++ -c -g  conftest.cpp >&5
configure:11756: $? = 0
configure:11797: result: yes
configure:11822: checking dependency style of g++
configure:11933: result: gcc3
configure:11967: checking how to run the C++ preprocessor
configure:11994: g++ -E  conftest.cpp
configure:11994: $? = 0
configure:12008: g++ -E  conftest.cpp
conftest.cpp:23:28: fatal error: ac_nonexistent.h: No such file or directory
compilation terminated.
configure:12008: $? = 1
configure: failed program was:
| /* confdefs.h */
| #define PACKAGE_NAME "dptcpp"
| #define PACKAGE_TARNAME "dptcpp"
| #define PACKAGE_VERSION "0.1"
| #define PACKAGE_STRING "dptcpp 0.1"
| #define PACKAGE_BUGREPORT "denes.almasi@gmail.com"
| #define PACKAGE_URL ""
| #define STDC_HEADERS 1
| #define HAVE_SYS_TYPES_H 1
| #define HAVE_SYS_STAT_H 1
| #define HAVE_STDLIB_H 1
| #define HAVE_STRING_H 1
| #define HAVE_MEMORY_H 1
| #define HAVE_STRINGS_H 1
| #define HAVE_INTTYPES_H 1
| #define HAVE_STDINT_H 1
| #define HAVE_UNISTD_H 1
| #define HAVE_DLFCN_H 1
| #define LT_OBJDIR ".libs/"
| #define PACKAGE "dptcpp"
| #define VERSION "0.1"
| /* end confdefs.h.  */
| #include <ac_nonexistent.h>
configure:12033: result: g++ -E
configure:12053: g++ -E  conftest.cpp
configure:12053: $? = 0
configure:12067: g++ -E  conftest.cpp
conftest.cpp:23:28: fatal error: ac_nonexistent.h: No such file or directory
compilation terminated.
configure:12067: $? = 1
configure: failed program was:
| /* confdefs.h */
| #define PACKAGE_NAME "dptcpp"
| #define PACKAGE_TARNAME "dptcpp"
| #define PACKAGE_VERSION "0.1"
| #define PACKAGE_STRING "dptcpp 0.1"
| #define PACKAGE_BUGREPORT "denes.almasi@gmail.com"
| #define PACKAGE_URL ""
| #define STDC_HEADERS 1
| #define HAVE_SYS_TYPES_H 1
| #define HAVE_SYS_STAT_H 1
| #define HAVE_STDLIB_H 1
| #define HAVE_STRING_H 1
| #define HAVE_MEMORY_H 1
| #define HAVE_STRINGS_H 1
| #define HAVE_INTTYPES_H 1
| #define HAVE_STDINT_H 1
| #define HAVE_UNISTD_H 1
| #define HAVE_DLFCN_H 1
| #define LT_OBJDIR ".libs/"
| #define PACKAGE "dptcpp"
| #define VERSION "0.1"
| /* end confdefs.h.  */
| #include <ac_nonexistent.h>
configure:12236: checking for ld used by g++
configure:12303: result: /usr/bin/ld
configure:12310: checking if the linker (/usr/bin/ld) is GNU ld
configure:12325: result: yes
configure:12380: checking whether the g++ linker (/usr/bin/ld) supports shared libraries
configure:13385: result: yes
configure:13421: g++ -c -g -O2  conftest.cpp >&5
configure:13424: $? = 0
configure:13944: checking for g++ option to produce PIC
configure:13951: result: -fPIC -DPIC
configure:13959: checking if g++ PIC flag -fPIC -DPIC works
configure:13977: g++ -c -g -O2  -fPIC -DPIC -DPIC conftest.cpp >&5
configure:13981: $? = 0
configure:13994: result: yes
configure:14017: checking if g++ static flag -static works
configure:14045: result: yes
configure:14057: checking if g++ supports -c -o file.o
configure:14078: g++ -c -g -O2  -o out/conftest2.o conftest.cpp >&5
configure:14082: $? = 0
configure:14104: result: yes
configure:14109: checking if g++ supports -c -o file.o
configure:14156: result: yes
configure:14186: checking whether the g++ linker (/usr/bin/ld) supports shared libraries
configure:14222: result: yes
configure:14363: checking dynamic linker characteristics
configure:15030: result: GNU/Linux ld.so
configure:15083: checking how to hardcode library paths into programs
configure:15108: result: immediate
configure:15267: checking for C++ compiler version
configure:15276: g++ --version >&5
g++ (GCC) 4.7.0 20120324 (prerelease)
Copyright (C) 2012 Free Software Foundation, Inc.
This is free software; see the source for copying conditions.  There is NO
warranty; not even for MERCHANTABILITY or FITNESS FOR A PARTICULAR PURPOSE.

configure:15287: $? = 0
configure:15276: g++ -v >&5
Using built-in specs.
COLLECT_GCC=g++
COLLECT_LTO_WRAPPER=/usr/lib/gcc/i686-pc-linux-gnu/4.7.0/lto-wrapper
Target: i686-pc-linux-gnu
Configured with: /build/src/gcc-4.7-20120324/configure --prefix=/usr --libdir=/usr/lib --libexecdir=/usr/lib --mandir=/usr/share/man --infodir=/usr/share/info --with-bugurl=https://bugs.archlinux.org/ --enable-languages=c,c++,ada,fortran,go,lto,objc,obj-c++ --enable-shared --enable-threads=posix --with-system-zlib --enable-__cxa_atexit --disable-libunwind-exceptions --enable-clocale=gnu --disable-libstdcxx-pch --enable-libstdcxx-time --enable-gnu-unique-object --enable-linker-build-id --with-ppl --enable-cloog-backend=isl --enable-lto --enable-gold --enable-ld=default --enable-plugin --with-plugin-ld=ld.gold --with-linker-hash-style=gnu --disable-multilib --disable-libssp --disable-build-with-cxx --disable-build-poststage1-with-cxx --enable-checking=release
Thread model: posix
gcc version 4.7.0 20120324 (prerelease) (GCC) 
configure:15287: $? = 0
configure:15276: g++ -V >&5
g++: error: unrecognized command line option '-V'
g++: fatal error: no input files
compilation terminated.
configure:15287: $? = 1
configure:15276: g++ -qversion >&5
g++: error: unrecognized command line option '-qversion'
g++: fatal error: no input files
compilation terminated.
configure:15287: $? = 1
configure:15291: checking whether we are using the GNU C++ compiler
configure:15319: result: yes
configure:15328: checking whether g++ accepts -g
configure:15389: result: yes
configure:15414: checking dependency style of g++
configure:15525: result: gcc3
configure:15588: checking for gcc
configure:15615: result: gcc
configure:15844: checking for C compiler version
configure:15853: gcc --version >&5
gcc (GCC) 4.7.0 20120324 (prerelease)
Copyright (C) 2012 Free Software Foundation, Inc.
This is free software; see the source for copying conditions.  There is NO
warranty; not even for MERCHANTABILITY or FITNESS FOR A PARTICULAR PURPOSE.

configure:15864: $? = 0
configure:15853: gcc -v >&5
Using built-in specs.
COLLECT_GCC=gcc
COLLECT_LTO_WRAPPER=/usr/lib/gcc/i686-pc-linux-gnu/4.7.0/lto-wrapper
Target: i686-pc-linux-gnu
Configured with: /build/src/gcc-4.7-20120324/configure --prefix=/usr --libdir=/usr/lib --libexecdir=/usr/lib --mandir=/usr/share/man --infodir=/usr/share/info --with-bugurl=https://bugs.archlinux.org/ --enable-languages=c,c++,ada,fortran,go,lto,objc,obj-c++ --enable-shared --enable-threads=posix --with-system-zlib --enable-__cxa_atexit --disable-libunwind-exceptions --enable-clocale=gnu --disable-libstdcxx-pch --enable-libstdcxx-time --enable-gnu-unique-object --enable-linker-build-id --with-ppl --enable-cloog-backend=isl --enable-lto --enable-gold --enable-ld=default --enable-plugin --with-plugin-ld=ld.gold --with-linker-hash-style=gnu --disable-multilib --disable-libssp --disable-build-with-cxx --disable-build-poststage1-with-cxx --enable-checking=release
Thread model: posix
gcc version 4.7.0 20120324 (prerelease) (GCC) 
configure:15864: $? = 0
configure:15853: gcc -V >&5
gcc: error: unrecognized command line option '-V'
gcc: fatal error: no input files
compilation terminated.
configure:15864: $? = 1
configure:15853: gcc -qversion >&5
gcc: error: unrecognized command line option '-qversion'
gcc: fatal error: no input files
compilation terminated.
configure:15864: $? = 1
configure:15868: checking whether we are using the GNU C compiler
configure:15896: result: yes
configure:15905: checking whether gcc accepts -g
configure:15966: result: yes
configure:15983: checking for gcc option to accept ISO C89
configure:16060: result: none needed
configure: this is boost.m4 serial 16
configure:16110: checking for Boost headers version >= 0.0.0
configure:16181: g++ -c -g -O2  conftest.cpp >&5
configure:16181: $? = 0
configure:16202: result: yes
configure:16221: checking for Boost's header version
configure:16239: result: 1_49
configure:16251: checking for the toolset name used by Boost for g++
configure:16324: g++ -c -g -O2  conftest.cpp >&5
conftest.cpp:28:3: error: #error defined __GNUC__ && __GNUC__ == 4 && __GNUC_MINOR__ == 6 && !defined __ICC
configure:16324: $? = 1
configure: failed program was:
| /* confdefs.h */
| #define PACKAGE_NAME "dptcpp"
| #define PACKAGE_TARNAME "dptcpp"
| #define PACKAGE_VERSION "0.1"
| #define PACKAGE_STRING "dptcpp 0.1"
| #define PACKAGE_BUGREPORT "denes.almasi@gmail.com"
| #define PACKAGE_URL ""
| #define STDC_HEADERS 1
| #define HAVE_SYS_TYPES_H 1
| #define HAVE_SYS_STAT_H 1
| #define HAVE_STDLIB_H 1
| #define HAVE_STRING_H 1
| #define HAVE_MEMORY_H 1
| #define HAVE_STRINGS_H 1
| #define HAVE_INTTYPES_H 1
| #define HAVE_STDINT_H 1
| #define HAVE_UNISTD_H 1
| #define HAVE_DLFCN_H 1
| #define LT_OBJDIR ".libs/"
| #define PACKAGE "dptcpp"
| #define VERSION "0.1"
| #define HAVE_BOOST 1
| /* end confdefs.h.  */
| 
| #if defined __GNUC__ && __GNUC__ == 4 && __GNUC_MINOR__ == 6 && !defined __ICC
| /* OK */
| #else
| # error defined __GNUC__ && __GNUC__ == 4 && __GNUC_MINOR__ == 6 && !defined __ICC
| #endif
| 
| int
| main ()
| {
| 
|   ;
|   return 0;
| }
configure:16324: g++ -c -g -O2  conftest.cpp >&5
conftest.cpp:28:3: error: #error defined __GNUC__ && __GNUC__ == 4 && __GNUC_MINOR__ == 5 && !defined __ICC
configure:16324: $? = 1
configure: failed program was:
| /* confdefs.h */
| #define PACKAGE_NAME "dptcpp"
| #define PACKAGE_TARNAME "dptcpp"
| #define PACKAGE_VERSION "0.1"
| #define PACKAGE_STRING "dptcpp 0.1"
| #define PACKAGE_BUGREPORT "denes.almasi@gmail.com"
| #define PACKAGE_URL ""
| #define STDC_HEADERS 1
| #define HAVE_SYS_TYPES_H 1
| #define HAVE_SYS_STAT_H 1
| #define HAVE_STDLIB_H 1
| #define HAVE_STRING_H 1
| #define HAVE_MEMORY_H 1
| #define HAVE_STRINGS_H 1
| #define HAVE_INTTYPES_H 1
| #define HAVE_STDINT_H 1
| #define HAVE_UNISTD_H 1
| #define HAVE_DLFCN_H 1
| #define LT_OBJDIR ".libs/"
| #define PACKAGE "dptcpp"
| #define VERSION "0.1"
| #define HAVE_BOOST 1
| /* end confdefs.h.  */
| 
| #if defined __GNUC__ && __GNUC__ == 4 && __GNUC_MINOR__ == 5 && !defined __ICC
| /* OK */
| #else
| # error defined __GNUC__ && __GNUC__ == 4 && __GNUC_MINOR__ == 5 && !defined __ICC
| #endif
| 
| int
| main ()
| {
| 
|   ;
|   return 0;
| }
configure:16324: g++ -c -g -O2  conftest.cpp >&5
conftest.cpp:28:3: error: #error defined __GNUC__ && __GNUC__ == 4 && __GNUC_MINOR__ == 4 && !defined __ICC
configure:16324: $? = 1
configure: failed program was:
| /* confdefs.h */
| #define PACKAGE_NAME "dptcpp"
| #define PACKAGE_TARNAME "dptcpp"
| #define PACKAGE_VERSION "0.1"
| #define PACKAGE_STRING "dptcpp 0.1"
| #define PACKAGE_BUGREPORT "denes.almasi@gmail.com"
| #define PACKAGE_URL ""
| #define STDC_HEADERS 1
| #define HAVE_SYS_TYPES_H 1
| #define HAVE_SYS_STAT_H 1
| #define HAVE_STDLIB_H 1
| #define HAVE_STRING_H 1
| #define HAVE_MEMORY_H 1
| #define HAVE_STRINGS_H 1
| #define HAVE_INTTYPES_H 1
| #define HAVE_STDINT_H 1
| #define HAVE_UNISTD_H 1
| #define HAVE_DLFCN_H 1
| #define LT_OBJDIR ".libs/"
| #define PACKAGE "dptcpp"
| #define VERSION "0.1"
| #define HAVE_BOOST 1
| /* end confdefs.h.  */
| 
| #if defined __GNUC__ && __GNUC__ == 4 && __GNUC_MINOR__ == 4 && !defined __ICC
| /* OK */
| #else
| # error defined __GNUC__ && __GNUC__ == 4 && __GNUC_MINOR__ == 4 && !defined __ICC
| #endif
| 
| int
| main ()
| {
| 
|   ;
|   return 0;
| }
configure:16324: g++ -c -g -O2  conftest.cpp >&5
conftest.cpp:28:3: error: #error defined __GNUC__ && __GNUC__ == 4 && __GNUC_MINOR__ == 3 && !defined __ICC
configure:16324: $? = 1
configure: failed program was:
| /* confdefs.h */
| #define PACKAGE_NAME "dptcpp"
| #define PACKAGE_TARNAME "dptcpp"
| #define PACKAGE_VERSION "0.1"
| #define PACKAGE_STRING "dptcpp 0.1"
| #define PACKAGE_BUGREPORT "denes.almasi@gmail.com"
| #define PACKAGE_URL ""
| #define STDC_HEADERS 1
| #define HAVE_SYS_TYPES_H 1
| #define HAVE_SYS_STAT_H 1
| #define HAVE_STDLIB_H 1
| #define HAVE_STRING_H 1
| #define HAVE_MEMORY_H 1
| #define HAVE_STRINGS_H 1
| #define HAVE_INTTYPES_H 1
| #define HAVE_STDINT_H 1
| #define HAVE_UNISTD_H 1
| #define HAVE_DLFCN_H 1
| #define LT_OBJDIR ".libs/"
| #define PACKAGE "dptcpp"
| #define VERSION "0.1"
| #define HAVE_BOOST 1
| /* end confdefs.h.  */
| 
| #if defined __GNUC__ && __GNUC__ == 4 && __GNUC_MINOR__ == 3 && !defined __ICC
| /* OK */
| #else
| # error defined __GNUC__ && __GNUC__ == 4 && __GNUC_MINOR__ == 3 && !defined __ICC
| #endif
| 
| int
| main ()
| {
| 
|   ;
|   return 0;
| }
configure:16324: g++ -c -g -O2  conftest.cpp >&5
conftest.cpp:28:3: error: #error defined __GNUC__ && __GNUC__ == 4 && __GNUC_MINOR__ == 2 && !defined __ICC
configure:16324: $? = 1
configure: failed program was:
| /* confdefs.h */
| #define PACKAGE_NAME "dptcpp"
| #define PACKAGE_TARNAME "dptcpp"
| #define PACKAGE_VERSION "0.1"
| #define PACKAGE_STRING "dptcpp 0.1"
| #define PACKAGE_BUGREPORT "denes.almasi@gmail.com"
| #define PACKAGE_URL ""
| #define STDC_HEADERS 1
| #define HAVE_SYS_TYPES_H 1
| #define HAVE_SYS_STAT_H 1
| #define HAVE_STDLIB_H 1
| #define HAVE_STRING_H 1
| #define HAVE_MEMORY_H 1
| #define HAVE_STRINGS_H 1
| #define HAVE_INTTYPES_H 1
| #define HAVE_STDINT_H 1
| #define HAVE_UNISTD_H 1
| #define HAVE_DLFCN_H 1
| #define LT_OBJDIR ".libs/"
| #define PACKAGE "dptcpp"
| #define VERSION "0.1"
| #define HAVE_BOOST 1
| /* end confdefs.h.  */
| 
| #if defined __GNUC__ && __GNUC__ == 4 && __GNUC_MINOR__ == 2 && !defined __ICC
| /* OK */
| #else
| # error defined __GNUC__ && __GNUC__ == 4 && __GNUC_MINOR__ == 2 && !defined __ICC
| #endif
| 
| int
| main ()
| {
| 
|   ;
|   return 0;
| }
configure:16324: g++ -c -g -O2  conftest.cpp >&5
conftest.cpp:28:3: error: #error defined __GNUC__ && __GNUC__ == 4 && __GNUC_MINOR__ == 1 && !defined __ICC
configure:16324: $? = 1
configure: failed program was:
| /* confdefs.h */
| #define PACKAGE_NAME "dptcpp"
| #define PACKAGE_TARNAME "dptcpp"
| #define PACKAGE_VERSION "0.1"
| #define PACKAGE_STRING "dptcpp 0.1"
| #define PACKAGE_BUGREPORT "denes.almasi@gmail.com"
| #define PACKAGE_URL ""
| #define STDC_HEADERS 1
| #define HAVE_SYS_TYPES_H 1
| #define HAVE_SYS_STAT_H 1
| #define HAVE_STDLIB_H 1
| #define HAVE_STRING_H 1
| #define HAVE_MEMORY_H 1
| #define HAVE_STRINGS_H 1
| #define HAVE_INTTYPES_H 1
| #define HAVE_STDINT_H 1
| #define HAVE_UNISTD_H 1
| #define HAVE_DLFCN_H 1
| #define LT_OBJDIR ".libs/"
| #define PACKAGE "dptcpp"
| #define VERSION "0.1"
| #define HAVE_BOOST 1
| /* end confdefs.h.  */
| 
| #if defined __GNUC__ && __GNUC__ == 4 && __GNUC_MINOR__ == 1 && !defined __ICC
| /* OK */
| #else
| # error defined __GNUC__ && __GNUC__ == 4 && __GNUC_MINOR__ == 1 && !defined __ICC
| #endif
| 
| int
| main ()
| {
| 
|   ;
|   return 0;
| }
configure:16324: g++ -c -g -O2  conftest.cpp >&5
conftest.cpp:28:3: error: #error defined __GNUC__ && __GNUC__ == 4 && __GNUC_MINOR__ == 0 && !defined __ICC
configure:16324: $? = 1
configure: failed program was:
| /* confdefs.h */
| #define PACKAGE_NAME "dptcpp"
| #define PACKAGE_TARNAME "dptcpp"
| #define PACKAGE_VERSION "0.1"
| #define PACKAGE_STRING "dptcpp 0.1"
| #define PACKAGE_BUGREPORT "denes.almasi@gmail.com"
| #define PACKAGE_URL ""
| #define STDC_HEADERS 1
| #define HAVE_SYS_TYPES_H 1
| #define HAVE_SYS_STAT_H 1
| #define HAVE_STDLIB_H 1
| #define HAVE_STRING_H 1
| #define HAVE_MEMORY_H 1
| #define HAVE_STRINGS_H 1
| #define HAVE_INTTYPES_H 1
| #define HAVE_STDINT_H 1
| #define HAVE_UNISTD_H 1
| #define HAVE_DLFCN_H 1
| #define LT_OBJDIR ".libs/"
| #define PACKAGE "dptcpp"
| #define VERSION "0.1"
| #define HAVE_BOOST 1
| /* end confdefs.h.  */
| 
| #if defined __GNUC__ && __GNUC__ == 4 && __GNUC_MINOR__ == 0 && !defined __ICC
| /* OK */
| #else
| # error defined __GNUC__ && __GNUC__ == 4 && __GNUC_MINOR__ == 0 && !defined __ICC
| #endif
| 
| int
| main ()
| {
| 
|   ;
|   return 0;
| }
configure:16324: g++ -c -g -O2  conftest.cpp >&5
conftest.cpp:28:3: error: #error defined __GNUC__ && __GNUC__ == 3 && !defined __ICC && (defined WIN32 || defined WINNT || defined _WIN32 || defined __WIN32 || defined __WIN32__ || defined __WINNT || defined __WINNT__)
configure:16324: $? = 1
configure: failed program was:
| /* confdefs.h */
| #define PACKAGE_NAME "dptcpp"
| #define PACKAGE_TARNAME "dptcpp"
| #define PACKAGE_VERSION "0.1"
| #define PACKAGE_STRING "dptcpp 0.1"
| #define PACKAGE_BUGREPORT "denes.almasi@gmail.com"
| #define PACKAGE_URL ""
| #define STDC_HEADERS 1
| #define HAVE_SYS_TYPES_H 1
| #define HAVE_SYS_STAT_H 1
| #define HAVE_STDLIB_H 1
| #define HAVE_STRING_H 1
| #define HAVE_MEMORY_H 1
| #define HAVE_STRINGS_H 1
| #define HAVE_INTTYPES_H 1
| #define HAVE_STDINT_H 1
| #define HAVE_UNISTD_H 1
| #define HAVE_DLFCN_H 1
| #define LT_OBJDIR ".libs/"
| #define PACKAGE "dptcpp"
| #define VERSION "0.1"
| #define HAVE_BOOST 1
| /* end confdefs.h.  */
| 
| #if defined __GNUC__ && __GNUC__ == 3 && !defined __ICC      && (defined WIN32 || defined WINNT || defined _WIN32 || defined __WIN32          || defined __WIN32__ || defined __WINNT || defined __WINNT__)
| /* OK */
| #else
| # error defined __GNUC__ && __GNUC__ == 3 && !defined __ICC      && (defined WIN32 || defined WINNT || defined _WIN32 || defined __WIN32          || defined __WIN32__ || defined __WINNT || defined __WINNT__)
| #endif
| 
| int
| main ()
| {
| 
|   ;
|   return 0;
| }
configure:16324: g++ -c -g -O2  conftest.cpp >&5
conftest.cpp:28:3: error: #error defined __GNUC__ && __GNUC__ == 3 && __GNUC_MINOR__ == 4 && !defined __ICC
configure:16324: $? = 1
configure: failed program was:
| /* confdefs.h */
| #define PACKAGE_NAME "dptcpp"
| #define PACKAGE_TARNAME "dptcpp"
| #define PACKAGE_VERSION "0.1"
| #define PACKAGE_STRING "dptcpp 0.1"
| #define PACKAGE_BUGREPORT "denes.almasi@gmail.com"
| #define PACKAGE_URL ""
| #define STDC_HEADERS 1
| #define HAVE_SYS_TYPES_H 1
| #define HAVE_SYS_STAT_H 1
| #define HAVE_STDLIB_H 1
| #define HAVE_STRING_H 1
| #define HAVE_MEMORY_H 1
| #define HAVE_STRINGS_H 1
| #define HAVE_INTTYPES_H 1
| #define HAVE_STDINT_H 1
| #define HAVE_UNISTD_H 1
| #define HAVE_DLFCN_H 1
| #define LT_OBJDIR ".libs/"
| #define PACKAGE "dptcpp"
| #define VERSION "0.1"
| #define HAVE_BOOST 1
| /* end confdefs.h.  */
| 
| #if defined __GNUC__ && __GNUC__ == 3 && __GNUC_MINOR__ == 4 && !defined __ICC
| /* OK */
| #else
| # error defined __GNUC__ && __GNUC__ == 3 && __GNUC_MINOR__ == 4 && !defined __ICC
| #endif
| 
| int
| main ()
| {
| 
|   ;
|   return 0;
| }
configure:16324: g++ -c -g -O2  conftest.cpp >&5
conftest.cpp:28:3: error: #error defined __GNUC__ && __GNUC__ == 3 && __GNUC_MINOR__ == 3 && !defined __ICC
configure:16324: $? = 1
configure: failed program was:
| /* confdefs.h */
| #define PACKAGE_NAME "dptcpp"
| #define PACKAGE_TARNAME "dptcpp"
| #define PACKAGE_VERSION "0.1"
| #define PACKAGE_STRING "dptcpp 0.1"
| #define PACKAGE_BUGREPORT "denes.almasi@gmail.com"
| #define PACKAGE_URL ""
| #define STDC_HEADERS 1
| #define HAVE_SYS_TYPES_H 1
| #define HAVE_SYS_STAT_H 1
| #define HAVE_STDLIB_H 1
| #define HAVE_STRING_H 1
| #define HAVE_MEMORY_H 1
| #define HAVE_STRINGS_H 1
| #define HAVE_INTTYPES_H 1
| #define HAVE_STDINT_H 1
| #define HAVE_UNISTD_H 1
| #define HAVE_DLFCN_H 1
| #define LT_OBJDIR ".libs/"
| #define PACKAGE "dptcpp"
| #define VERSION "0.1"
| #define HAVE_BOOST 1
| /* end confdefs.h.  */
| 
| #if defined __GNUC__ && __GNUC__ == 3 && __GNUC_MINOR__ == 3 && !defined __ICC
| /* OK */
| #else
| # error defined __GNUC__ && __GNUC__ == 3 && __GNUC_MINOR__ == 3 && !defined __ICC
| #endif
| 
| int
| main ()
| {
| 
|   ;
|   return 0;
| }
configure:16324: g++ -c -g -O2  conftest.cpp >&5
conftest.cpp:28:3: error: #error defined _MSC_VER && _MSC_VER >= 1500
configure:16324: $? = 1
configure: failed program was:
| /* confdefs.h */
| #define PACKAGE_NAME "dptcpp"
| #define PACKAGE_TARNAME "dptcpp"
| #define PACKAGE_VERSION "0.1"
| #define PACKAGE_STRING "dptcpp 0.1"
| #define PACKAGE_BUGREPORT "denes.almasi@gmail.com"
| #define PACKAGE_URL ""
| #define STDC_HEADERS 1
| #define HAVE_SYS_TYPES_H 1
| #define HAVE_SYS_STAT_H 1
| #define HAVE_STDLIB_H 1
| #define HAVE_STRING_H 1
| #define HAVE_MEMORY_H 1
| #define HAVE_STRINGS_H 1
| #define HAVE_INTTYPES_H 1
| #define HAVE_STDINT_H 1
| #define HAVE_UNISTD_H 1
| #define HAVE_DLFCN_H 1
| #define LT_OBJDIR ".libs/"
| #define PACKAGE "dptcpp"
| #define VERSION "0.1"
| #define HAVE_BOOST 1
| /* end confdefs.h.  */
| 
| #if defined _MSC_VER && _MSC_VER >= 1500
| /* OK */
| #else
| # error defined _MSC_VER && _MSC_VER >= 1500
| #endif
| 
| int
| main ()
| {
| 
|   ;
|   return 0;
| }
configure:16324: g++ -c -g -O2  conftest.cpp >&5
conftest.cpp:28:3: error: #error defined _MSC_VER && _MSC_VER == 1400
configure:16324: $? = 1
configure: failed program was:
| /* confdefs.h */
| #define PACKAGE_NAME "dptcpp"
| #define PACKAGE_TARNAME "dptcpp"
| #define PACKAGE_VERSION "0.1"
| #define PACKAGE_STRING "dptcpp 0.1"
| #define PACKAGE_BUGREPORT "denes.almasi@gmail.com"
| #define PACKAGE_URL ""
| #define STDC_HEADERS 1
| #define HAVE_SYS_TYPES_H 1
| #define HAVE_SYS_STAT_H 1
| #define HAVE_STDLIB_H 1
| #define HAVE_STRING_H 1
| #define HAVE_MEMORY_H 1
| #define HAVE_STRINGS_H 1
| #define HAVE_INTTYPES_H 1
| #define HAVE_STDINT_H 1
| #define HAVE_UNISTD_H 1
| #define HAVE_DLFCN_H 1
| #define LT_OBJDIR ".libs/"
| #define PACKAGE "dptcpp"
| #define VERSION "0.1"
| #define HAVE_BOOST 1
| /* end confdefs.h.  */
| 
| #if defined _MSC_VER && _MSC_VER == 1400
| /* OK */
| #else
| # error defined _MSC_VER && _MSC_VER == 1400
| #endif
| 
| int
| main ()
| {
| 
|   ;
|   return 0;
| }
configure:16324: g++ -c -g -O2  conftest.cpp >&5
conftest.cpp:28:3: error: #error defined __GNUC__ && __GNUC__ == 3 && __GNUC_MINOR__ == 2 && !defined __ICC
configure:16324: $? = 1
configure: failed program was:
| /* confdefs.h */
| #define PACKAGE_NAME "dptcpp"
| #define PACKAGE_TARNAME "dptcpp"
| #define PACKAGE_VERSION "0.1"
| #define PACKAGE_STRING "dptcpp 0.1"
| #define PACKAGE_BUGREPORT "denes.almasi@gmail.com"
| #define PACKAGE_URL ""
| #define STDC_HEADERS 1
| #define HAVE_SYS_TYPES_H 1
| #define HAVE_SYS_STAT_H 1
| #define HAVE_STDLIB_H 1
| #define HAVE_STRING_H 1
| #define HAVE_MEMORY_H 1
| #define HAVE_STRINGS_H 1
| #define HAVE_INTTYPES_H 1
| #define HAVE_STDINT_H 1
| #define HAVE_UNISTD_H 1
| #define HAVE_DLFCN_H 1
| #define LT_OBJDIR ".libs/"
| #define PACKAGE "dptcpp"
| #define VERSION "0.1"
| #define HAVE_BOOST 1
| /* end confdefs.h.  */
| 
| #if defined __GNUC__ && __GNUC__ == 3 && __GNUC_MINOR__ == 2 && !defined __ICC
| /* OK */
| #else
| # error defined __GNUC__ && __GNUC__ == 3 && __GNUC_MINOR__ == 2 && !defined __ICC
| #endif
| 
| int
| main ()
| {
| 
|   ;
|   return 0;
| }
configure:16324: g++ -c -g -O2  conftest.cpp >&5
conftest.cpp:28:3: error: #error defined _MSC_VER && _MSC_VER == 1310
configure:16324: $? = 1
configure: failed program was:
| /* confdefs.h */
| #define PACKAGE_NAME "dptcpp"
| #define PACKAGE_TARNAME "dptcpp"
| #define PACKAGE_VERSION "0.1"
| #define PACKAGE_STRING "dptcpp 0.1"
| #define PACKAGE_BUGREPORT "denes.almasi@gmail.com"
| #define PACKAGE_URL ""
| #define STDC_HEADERS 1
| #define HAVE_SYS_TYPES_H 1
| #define HAVE_SYS_STAT_H 1
| #define HAVE_STDLIB_H 1
| #define HAVE_STRING_H 1
| #define HAVE_MEMORY_H 1
| #define HAVE_STRINGS_H 1
| #define HAVE_INTTYPES_H 1
| #define HAVE_STDINT_H 1
| #define HAVE_UNISTD_H 1
| #define HAVE_DLFCN_H 1
| #define LT_OBJDIR ".libs/"
| #define PACKAGE "dptcpp"
| #define VERSION "0.1"
| #define HAVE_BOOST 1
| /* end confdefs.h.  */
| 
| #if defined _MSC_VER && _MSC_VER == 1310
| /* OK */
| #else
| # error defined _MSC_VER && _MSC_VER == 1310
| #endif
| 
| int
| main ()
| {
| 
|   ;
|   return 0;
| }
configure:16324: g++ -c -g -O2  conftest.cpp >&5
conftest.cpp:28:3: error: #error defined __GNUC__ && __GNUC__ == 3 && __GNUC_MINOR__ == 1 && !defined __ICC
configure:16324: $? = 1
configure: failed program was:
| /* confdefs.h */
| #define PACKAGE_NAME "dptcpp"
| #define PACKAGE_TARNAME "dptcpp"
| #define PACKAGE_VERSION "0.1"
| #define PACKAGE_STRING "dptcpp 0.1"
| #define PACKAGE_BUGREPORT "denes.almasi@gmail.com"
| #define PACKAGE_URL ""
| #define STDC_HEADERS 1
| #define HAVE_SYS_TYPES_H 1
| #define HAVE_SYS_STAT_H 1
| #define HAVE_STDLIB_H 1
| #define HAVE_STRING_H 1
| #define HAVE_MEMORY_H 1
| #define HAVE_STRINGS_H 1
| #define HAVE_INTTYPES_H 1
| #define HAVE_STDINT_H 1
| #define HAVE_UNISTD_H 1
| #define HAVE_DLFCN_H 1
| #define LT_OBJDIR ".libs/"
| #define PACKAGE "dptcpp"
| #define VERSION "0.1"
| #define HAVE_BOOST 1
| /* end confdefs.h.  */
| 
| #if defined __GNUC__ && __GNUC__ == 3 && __GNUC_MINOR__ == 1 && !defined __ICC
| /* OK */
| #else
| # error defined __GNUC__ && __GNUC__ == 3 && __GNUC_MINOR__ == 1 && !defined __ICC
| #endif
| 
| int
| main ()
| {
| 
|   ;
|   return 0;
| }
configure:16324: g++ -c -g -O2  conftest.cpp >&5
conftest.cpp:28:3: error: #error defined __GNUC__ && __GNUC__ == 3 && __GNUC_MINOR__ == 0 && !defined __ICC
configure:16324: $? = 1
configure: failed program was:
| /* confdefs.h */
| #define PACKAGE_NAME "dptcpp"
| #define PACKAGE_TARNAME "dptcpp"
| #define PACKAGE_VERSION "0.1"
| #define PACKAGE_STRING "dptcpp 0.1"
| #define PACKAGE_BUGREPORT "denes.almasi@gmail.com"
| #define PACKAGE_URL ""
| #define STDC_HEADERS 1
| #define HAVE_SYS_TYPES_H 1
| #define HAVE_SYS_STAT_H 1
| #define HAVE_STDLIB_H 1
| #define HAVE_STRING_H 1
| #define HAVE_MEMORY_H 1
| #define HAVE_STRINGS_H 1
| #define HAVE_INTTYPES_H 1
| #define HAVE_STDINT_H 1
| #define HAVE_UNISTD_H 1
| #define HAVE_DLFCN_H 1
| #define LT_OBJDIR ".libs/"
| #define PACKAGE "dptcpp"
| #define VERSION "0.1"
| #define HAVE_BOOST 1
| /* end confdefs.h.  */
| 
| #if defined __GNUC__ && __GNUC__ == 3 && __GNUC_MINOR__ == 0 && !defined __ICC
| /* OK */
| #else
| # error defined __GNUC__ && __GNUC__ == 3 && __GNUC_MINOR__ == 0 && !defined __ICC
| #endif
| 
| int
| main ()
| {
| 
|   ;
|   return 0;
| }
configure:16324: g++ -c -g -O2  conftest.cpp >&5
conftest.cpp:28:3: error: #error defined __BORLANDC__
configure:16324: $? = 1
configure: failed program was:
| /* confdefs.h */
| #define PACKAGE_NAME "dptcpp"
| #define PACKAGE_TARNAME "dptcpp"
| #define PACKAGE_VERSION "0.1"
| #define PACKAGE_STRING "dptcpp 0.1"
| #define PACKAGE_BUGREPORT "denes.almasi@gmail.com"
| #define PACKAGE_URL ""
| #define STDC_HEADERS 1
| #define HAVE_SYS_TYPES_H 1
| #define HAVE_SYS_STAT_H 1
| #define HAVE_STDLIB_H 1
| #define HAVE_STRING_H 1
| #define HAVE_MEMORY_H 1
| #define HAVE_STRINGS_H 1
| #define HAVE_INTTYPES_H 1
| #define HAVE_STDINT_H 1
| #define HAVE_UNISTD_H 1
| #define HAVE_DLFCN_H 1
| #define LT_OBJDIR ".libs/"
| #define PACKAGE "dptcpp"
| #define VERSION "0.1"
| #define HAVE_BOOST 1
| /* end confdefs.h.  */
| 
| #if defined __BORLANDC__
| /* OK */
| #else
| # error defined __BORLANDC__
| #endif
| 
| int
| main ()
| {
| 
|   ;
|   return 0;
| }
configure:16324: g++ -c -g -O2  conftest.cpp >&5
conftest.cpp:25:49: error: operator "defined" requires an identifier
conftest.cpp:25:22: error: missing ')' in expression
conftest.cpp:28:3: error: #error defined __ICC && (defined __unix || defined )
configure:16324: $? = 1
configure: failed program was:
| /* confdefs.h */
| #define PACKAGE_NAME "dptcpp"
| #define PACKAGE_TARNAME "dptcpp"
| #define PACKAGE_VERSION "0.1"
| #define PACKAGE_STRING "dptcpp 0.1"
| #define PACKAGE_BUGREPORT "denes.almasi@gmail.com"
| #define PACKAGE_URL ""
| #define STDC_HEADERS 1
| #define HAVE_SYS_TYPES_H 1
| #define HAVE_SYS_STAT_H 1
| #define HAVE_STDLIB_H 1
| #define HAVE_STRING_H 1
| #define HAVE_MEMORY_H 1
| #define HAVE_STRINGS_H 1
| #define HAVE_INTTYPES_H 1
| #define HAVE_STDINT_H 1
| #define HAVE_UNISTD_H 1
| #define HAVE_DLFCN_H 1
| #define LT_OBJDIR ".libs/"
| #define PACKAGE "dptcpp"
| #define VERSION "0.1"
| #define HAVE_BOOST 1
| /* end confdefs.h.  */
| 
| #if defined __ICC && (defined __unix || defined )
| /* OK */
| #else
| # error defined __ICC && (defined __unix || defined )
| #endif
| 
| int
| main ()
| {
| 
|   ;
|   return 0;
| }
configure:16324: g++ -c -g -O2  conftest.cpp >&5
conftest.cpp:28:3: error: #error defined __ICL
configure:16324: $? = 1
configure: failed program was:
| /* confdefs.h */
| #define PACKAGE_NAME "dptcpp"
| #define PACKAGE_TARNAME "dptcpp"
| #define PACKAGE_VERSION "0.1"
| #define PACKAGE_STRING "dptcpp 0.1"
| #define PACKAGE_BUGREPORT "denes.almasi@gmail.com"
| #define PACKAGE_URL ""
| #define STDC_HEADERS 1
| #define HAVE_SYS_TYPES_H 1
| #define HAVE_SYS_STAT_H 1
| #define HAVE_STDLIB_H 1
| #define HAVE_STRING_H 1
| #define HAVE_MEMORY_H 1
| #define HAVE_STRINGS_H 1
| #define HAVE_INTTYPES_H 1
| #define HAVE_STDINT_H 1
| #define HAVE_UNISTD_H 1
| #define HAVE_DLFCN_H 1
| #define LT_OBJDIR ".libs/"
| #define PACKAGE "dptcpp"
| #define VERSION "0.1"
| #define HAVE_BOOST 1
| /* end confdefs.h.  */
| 
| #if defined __ICL
| /* OK */
| #else
| # error defined __ICL
| #endif
| 
| int
| main ()
| {
| 
|   ;
|   return 0;
| }
configure:16324: g++ -c -g -O2  conftest.cpp >&5
conftest.cpp:28:3: error: #error defined _MSC_VER && _MSC_VER == 1300
configure:16324: $? = 1
configure: failed program was:
| /* confdefs.h */
| #define PACKAGE_NAME "dptcpp"
| #define PACKAGE_TARNAME "dptcpp"
| #define PACKAGE_VERSION "0.1"
| #define PACKAGE_STRING "dptcpp 0.1"
| #define PACKAGE_BUGREPORT "denes.almasi@gmail.com"
| #define PACKAGE_URL ""
| #define STDC_HEADERS 1
| #define HAVE_SYS_TYPES_H 1
| #define HAVE_SYS_STAT_H 1
| #define HAVE_STDLIB_H 1
| #define HAVE_STRING_H 1
| #define HAVE_MEMORY_H 1
| #define HAVE_STRINGS_H 1
| #define HAVE_INTTYPES_H 1
| #define HAVE_STDINT_H 1
| #define HAVE_UNISTD_H 1
| #define HAVE_DLFCN_H 1
| #define LT_OBJDIR ".libs/"
| #define PACKAGE "dptcpp"
| #define VERSION "0.1"
| #define HAVE_BOOST 1
| /* end confdefs.h.  */
| 
| #if defined _MSC_VER && _MSC_VER == 1300
| /* OK */
| #else
| # error defined _MSC_VER && _MSC_VER == 1300
| #endif
| 
| int
| main ()
| {
| 
|   ;
|   return 0;
| }
configure:16324: g++ -c -g -O2  conftest.cpp >&5
conftest.cpp:28:3: error: #error defined __GNUC__ && __GNUC__ == 2 && __GNUC_MINOR__ == 95 && !defined __ICC
configure:16324: $? = 1
configure: failed program was:
| /* confdefs.h */
| #define PACKAGE_NAME "dptcpp"
| #define PACKAGE_TARNAME "dptcpp"
| #define PACKAGE_VERSION "0.1"
| #define PACKAGE_STRING "dptcpp 0.1"
| #define PACKAGE_BUGREPORT "denes.almasi@gmail.com"
| #define PACKAGE_URL ""
| #define STDC_HEADERS 1
| #define HAVE_SYS_TYPES_H 1
| #define HAVE_SYS_STAT_H 1
| #define HAVE_STDLIB_H 1
| #define HAVE_STRING_H 1
| #define HAVE_MEMORY_H 1
| #define HAVE_STRINGS_H 1
| #define HAVE_INTTYPES_H 1
| #define HAVE_STDINT_H 1
| #define HAVE_UNISTD_H 1
| #define HAVE_DLFCN_H 1
| #define LT_OBJDIR ".libs/"
| #define PACKAGE "dptcpp"
| #define VERSION "0.1"
| #define HAVE_BOOST 1
| /* end confdefs.h.  */
| 
| #if defined __GNUC__ && __GNUC__ == 2 && __GNUC_MINOR__ == 95 && !defined __ICC
| /* OK */
| #else
| # error defined __GNUC__ && __GNUC__ == 2 && __GNUC_MINOR__ == 95 && !defined __ICC
| #endif
| 
| int
| main ()
| {
| 
|   ;
|   return 0;
| }
configure:16324: g++ -c -g -O2  conftest.cpp >&5
conftest.cpp:28:3: error: #error defined __MWERKS__ && __MWERKS__ <= 0x32FF
configure:16324: $? = 1
configure: failed program was:
| /* confdefs.h */
| #define PACKAGE_NAME "dptcpp"
| #define PACKAGE_TARNAME "dptcpp"
| #define PACKAGE_VERSION "0.1"
| #define PACKAGE_STRING "dptcpp 0.1"
| #define PACKAGE_BUGREPORT "denes.almasi@gmail.com"
| #define PACKAGE_URL ""
| #define STDC_HEADERS 1
| #define HAVE_SYS_TYPES_H 1
| #define HAVE_SYS_STAT_H 1
| #define HAVE_STDLIB_H 1
| #define HAVE_STRING_H 1
| #define HAVE_MEMORY_H 1
| #define HAVE_STRINGS_H 1
| #define HAVE_INTTYPES_H 1
| #define HAVE_STDINT_H 1
| #define HAVE_UNISTD_H 1
| #define HAVE_DLFCN_H 1
| #define LT_OBJDIR ".libs/"
| #define PACKAGE "dptcpp"
| #define VERSION "0.1"
| #define HAVE_BOOST 1
| /* end confdefs.h.  */
| 
| #if defined __MWERKS__ && __MWERKS__ <= 0x32FF
| /* OK */
| #else
| # error defined __MWERKS__ && __MWERKS__ <= 0x32FF
| #endif
| 
| int
| main ()
| {
| 
|   ;
|   return 0;
| }
configure:16324: g++ -c -g -O2  conftest.cpp >&5
conftest.cpp:28:3: error: #error defined _MSC_VER && _MSC_VER < 1300 && !defined UNDER_CE
configure:16324: $? = 1
configure: failed program was:
| /* confdefs.h */
| #define PACKAGE_NAME "dptcpp"
| #define PACKAGE_TARNAME "dptcpp"
| #define PACKAGE_VERSION "0.1"
| #define PACKAGE_STRING "dptcpp 0.1"
| #define PACKAGE_BUGREPORT "denes.almasi@gmail.com"
| #define PACKAGE_URL ""
| #define STDC_HEADERS 1
| #define HAVE_SYS_TYPES_H 1
| #define HAVE_SYS_STAT_H 1
| #define HAVE_STDLIB_H 1
| #define HAVE_STRING_H 1
| #define HAVE_MEMORY_H 1
| #define HAVE_STRINGS_H 1
| #define HAVE_INTTYPES_H 1
| #define HAVE_STDINT_H 1
| #define HAVE_UNISTD_H 1
| #define HAVE_DLFCN_H 1
| #define LT_OBJDIR ".libs/"
| #define PACKAGE "dptcpp"
| #define VERSION "0.1"
| #define HAVE_BOOST 1
| /* end confdefs.h.  */
| 
| #if defined _MSC_VER && _MSC_VER < 1300 && !defined UNDER_CE
| /* OK */
| #else
| # error defined _MSC_VER && _MSC_VER < 1300 && !defined UNDER_CE
| #endif
| 
| int
| main ()
| {
| 
|   ;
|   return 0;
| }
configure:16324: g++ -c -g -O2  conftest.cpp >&5
conftest.cpp:28:3: error: #error defined _MSC_VER && _MSC_VER < 1300 && defined UNDER_CE
configure:16324: $? = 1
configure: failed program was:
| /* confdefs.h */
| #define PACKAGE_NAME "dptcpp"
| #define PACKAGE_TARNAME "dptcpp"
| #define PACKAGE_VERSION "0.1"
| #define PACKAGE_STRING "dptcpp 0.1"
| #define PACKAGE_BUGREPORT "denes.almasi@gmail.com"
| #define PACKAGE_URL ""
| #define STDC_HEADERS 1
| #define HAVE_SYS_TYPES_H 1
| #define HAVE_SYS_STAT_H 1
| #define HAVE_STDLIB_H 1
| #define HAVE_STRING_H 1
| #define HAVE_MEMORY_H 1
| #define HAVE_STRINGS_H 1
| #define HAVE_INTTYPES_H 1
| #define HAVE_STDINT_H 1
| #define HAVE_UNISTD_H 1
| #define HAVE_DLFCN_H 1
| #define LT_OBJDIR ".libs/"
| #define PACKAGE "dptcpp"
| #define VERSION "0.1"
| #define HAVE_BOOST 1
| /* end confdefs.h.  */
| 
| #if defined _MSC_VER && _MSC_VER < 1300 && defined UNDER_CE
| /* OK */
| #else
| # error defined _MSC_VER && _MSC_VER < 1300 && defined UNDER_CE
| #endif
| 
| int
| main ()
| {
| 
|   ;
|   return 0;
| }
configure:16324: g++ -c -g -O2  conftest.cpp >&5
conftest.cpp:28:3: error: #error defined __MWERKS__ && __MWERKS__ <= 0x31FF
configure:16324: $? = 1
configure: failed program was:
| /* confdefs.h */
| #define PACKAGE_NAME "dptcpp"
| #define PACKAGE_TARNAME "dptcpp"
| #define PACKAGE_VERSION "0.1"
| #define PACKAGE_STRING "dptcpp 0.1"
| #define PACKAGE_BUGREPORT "denes.almasi@gmail.com"
| #define PACKAGE_URL ""
| #define STDC_HEADERS 1
| #define HAVE_SYS_TYPES_H 1
| #define HAVE_SYS_STAT_H 1
| #define HAVE_STDLIB_H 1
| #define HAVE_STRING_H 1
| #define HAVE_MEMORY_H 1
| #define HAVE_STRINGS_H 1
| #define HAVE_INTTYPES_H 1
| #define HAVE_STDINT_H 1
| #define HAVE_UNISTD_H 1
| #define HAVE_DLFCN_H 1
| #define LT_OBJDIR ".libs/"
| #define PACKAGE "dptcpp"
| #define VERSION "0.1"
| #define HAVE_BOOST 1
| /* end confdefs.h.  */
| 
| #if defined __MWERKS__ && __MWERKS__ <= 0x31FF
| /* OK */
| #else
| # error defined __MWERKS__ && __MWERKS__ <= 0x31FF
| #endif
| 
| int
| main ()
| {
| 
|   ;
|   return 0;
| }
configure:16352: WARNING: could not figure out which toolset name to use for g++
configure:16359: result: 
configure:16386: gcc -c -g -O2  conftest.c >&5
conftest.c:28:3: error: #error MT not needed
configure:16386: $? = 1
configure: failed program was:
| /* confdefs.h */
| #define PACKAGE_NAME "dptcpp"
| #define PACKAGE_TARNAME "dptcpp"
| #define PACKAGE_VERSION "0.1"
| #define PACKAGE_STRING "dptcpp 0.1"
| #define PACKAGE_BUGREPORT "denes.almasi@gmail.com"
| #define PACKAGE_URL ""
| #define STDC_HEADERS 1
| #define HAVE_SYS_TYPES_H 1
| #define HAVE_SYS_STAT_H 1
| #define HAVE_STDLIB_H 1
| #define HAVE_STRING_H 1
| #define HAVE_MEMORY_H 1
| #define HAVE_STRINGS_H 1
| #define HAVE_INTTYPES_H 1
| #define HAVE_STDINT_H 1
| #define HAVE_UNISTD_H 1
| #define HAVE_DLFCN_H 1
| #define LT_OBJDIR ".libs/"
| #define PACKAGE "dptcpp"
| #define VERSION "0.1"
| #define HAVE_BOOST 1
| /* end confdefs.h.  */
| 
| #if defined _REENTRANT || defined _MT || defined __MT__
| /* use -mt */
| #else
| # error MT not needed
| #endif
| 
| int
| main ()
| {
| 
|   ;
|   return 0;
| }
configure:16414: checking boost/system/error_code.hpp usability
configure:16414: g++ -c -g -O2   conftest.cpp >&5
configure:16414: $? = 0
configure:16414: result: yes
configure:16414: checking boost/system/error_code.hpp presence
configure:16414: g++ -E   conftest.cpp
configure:16414: $? = 0
configure:16414: result: yes
configure:16414: checking for boost/system/error_code.hpp
configure:16414: result: yes
configure:16441: checking for the Boost system library
configure:16483: g++ -c -g -O2   conftest.cpp >&5
configure:16483: $? = 0
configure:16534: re-using the existing conftest.o
configure:16540: g++ -o conftest -g -O2    -L/usr/local/lib conftest.o -lboost_system--mt-1_49  >&5
/usr/bin/ld: cannot find -lboost_system--mt-1_49
collect2: error: ld returned 1 exit status
configure:16549: $? = 1
configure:16534: re-using the existing conftest.o
configure:16540: g++ -o conftest -g -O2    -L/opt/lib conftest.o -lboost_system--mt-1_49  >&5
/usr/bin/ld: cannot find -lboost_system--mt-1_49
collect2: error: ld returned 1 exit status
configure:16549: $? = 1
configure:16534: re-using the existing conftest.o
configure:16540: g++ -o conftest -g -O2    -L/opt/libexec conftest.o -lboost_system--mt-1_49  >&5
/usr/bin/ld: cannot find -lboost_system--mt-1_49
collect2: error: ld returned 1 exit status
configure:16549: $? = 1
configure:16534: re-using the existing conftest.o
configure:16540: g++ -o conftest -g -O2    -L/usr/lib conftest.o -lboost_system--mt-1_49  >&5
/usr/bin/ld: cannot find -lboost_system--mt-1_49
collect2: error: ld returned 1 exit status
configure:16549: $? = 1
configure:16534: re-using the existing conftest.o
configure:16540: g++ -o conftest -g -O2    -L/lib conftest.o -lboost_system--mt-1_49  >&5
/usr/bin/ld: cannot find -lboost_system--mt-1_49
collect2: error: ld returned 1 exit status
configure:16549: $? = 1
configure:16534: re-using the existing conftest.o
configure:16540: g++ -o conftest -g -O2    -L/usr/local/lib conftest.o -lboost_system--1_49  >&5
/usr/bin/ld: cannot find -lboost_system--1_49
collect2: error: ld returned 1 exit status
configure:16549: $? = 1
configure:16534: re-using the existing conftest.o
configure:16540: g++ -o conftest -g -O2    -L/opt/lib conftest.o -lboost_system--1_49  >&5
/usr/bin/ld: cannot find -lboost_system--1_49
collect2: error: ld returned 1 exit status
configure:16549: $? = 1
configure:16534: re-using the existing conftest.o
configure:16540: g++ -o conftest -g -O2    -L/opt/libexec conftest.o -lboost_system--1_49  >&5
/usr/bin/ld: cannot find -lboost_system--1_49
collect2: error: ld returned 1 exit status
configure:16549: $? = 1
configure:16534: re-using the existing conftest.o
configure:16540: g++ -o conftest -g -O2    -L/usr/lib conftest.o -lboost_system--1_49  >&5
/usr/bin/ld: cannot find -lboost_system--1_49
collect2: error: ld returned 1 exit status
configure:16549: $? = 1
configure:16534: re-using the existing conftest.o
configure:16540: g++ -o conftest -g -O2    -L/lib conftest.o -lboost_system--1_49  >&5
/usr/bin/ld: cannot find -lboost_system--1_49
collect2: error: ld returned 1 exit status
configure:16549: $? = 1
configure:16534: re-using the existing conftest.o
configure:16540: g++ -o conftest -g -O2    -L/usr/local/lib conftest.o -lboost_system--mt-d-1_49  >&5
/usr/bin/ld: cannot find -lboost_system--mt-d-1_49
collect2: error: ld returned 1 exit status
configure:16549: $? = 1
configure:16534: re-using the existing conftest.o
configure:16540: g++ -o conftest -g -O2    -L/opt/lib conftest.o -lboost_system--mt-d-1_49  >&5
/usr/bin/ld: cannot find -lboost_system--mt-d-1_49
collect2: error: ld returned 1 exit status
configure:16549: $? = 1
configure:16534: re-using the existing conftest.o
configure:16540: g++ -o conftest -g -O2    -L/opt/libexec conftest.o -lboost_system--mt-d-1_49  >&5
/usr/bin/ld: cannot find -lboost_system--mt-d-1_49
collect2: error: ld returned 1 exit status
configure:16549: $? = 1
configure:16534: re-using the existing conftest.o
configure:16540: g++ -o conftest -g -O2    -L/usr/lib conftest.o -lboost_system--mt-d-1_49  >&5
/usr/bin/ld: cannot find -lboost_system--mt-d-1_49
collect2: error: ld returned 1 exit status
configure:16549: $? = 1
configure:16534: re-using the existing conftest.o
configure:16540: g++ -o conftest -g -O2    -L/lib conftest.o -lboost_system--mt-d-1_49  >&5
/usr/bin/ld: cannot find -lboost_system--mt-d-1_49
collect2: error: ld returned 1 exit status
configure:16549: $? = 1
configure:16534: re-using the existing conftest.o
configure:16540: g++ -o conftest -g -O2    -L/usr/local/lib conftest.o -lboost_system--d-1_49  >&5
/usr/bin/ld: cannot find -lboost_system--d-1_49
collect2: error: ld returned 1 exit status
configure:16549: $? = 1
configure:16534: re-using the existing conftest.o
configure:16540: g++ -o conftest -g -O2    -L/opt/lib conftest.o -lboost_system--d-1_49  >&5
/usr/bin/ld: cannot find -lboost_system--d-1_49
collect2: error: ld returned 1 exit status
configure:16549: $? = 1
configure:16534: re-using the existing conftest.o
configure:16540: g++ -o conftest -g -O2    -L/opt/libexec conftest.o -lboost_system--d-1_49  >&5
/usr/bin/ld: cannot find -lboost_system--d-1_49
collect2: error: ld returned 1 exit status
configure:16549: $? = 1
configure:16534: re-using the existing conftest.o
configure:16540: g++ -o conftest -g -O2    -L/usr/lib conftest.o -lboost_system--d-1_49  >&5
/usr/bin/ld: cannot find -lboost_system--d-1_49
collect2: error: ld returned 1 exit status
configure:16549: $? = 1
configure:16534: re-using the existing conftest.o
configure:16540: g++ -o conftest -g -O2    -L/lib conftest.o -lboost_system--d-1_49  >&5
/usr/bin/ld: cannot find -lboost_system--d-1_49
collect2: error: ld returned 1 exit status
configure:16549: $? = 1
configure:16534: re-using the existing conftest.o
configure:16540: g++ -o conftest -g -O2    -L/usr/local/lib conftest.o -lboost_system--mt  >&5
/usr/bin/ld: cannot find -lboost_system--mt
collect2: error: ld returned 1 exit status
configure:16549: $? = 1
configure:16534: re-using the existing conftest.o
configure:16540: g++ -o conftest -g -O2    -L/opt/lib conftest.o -lboost_system--mt  >&5
/usr/bin/ld: cannot find -lboost_system--mt
collect2: error: ld returned 1 exit status
configure:16549: $? = 1
configure:16534: re-using the existing conftest.o
configure:16540: g++ -o conftest -g -O2    -L/opt/libexec conftest.o -lboost_system--mt  >&5
/usr/bin/ld: cannot find -lboost_system--mt
collect2: error: ld returned 1 exit status
configure:16549: $? = 1
configure:16534: re-using the existing conftest.o
configure:16540: g++ -o conftest -g -O2    -L/usr/lib conftest.o -lboost_system--mt  >&5
/usr/bin/ld: cannot find -lboost_system--mt
collect2: error: ld returned 1 exit status
configure:16549: $? = 1
configure:16534: re-using the existing conftest.o
configure:16540: g++ -o conftest -g -O2    -L/lib conftest.o -lboost_system--mt  >&5
/usr/bin/ld: cannot find -lboost_system--mt
collect2: error: ld returned 1 exit status
configure:16549: $? = 1
configure:16534: re-using the existing conftest.o
configure:16540: g++ -o conftest -g -O2    -L/usr/local/lib conftest.o -lboost_system-  >&5
/usr/bin/ld: cannot find -lboost_system-
collect2: error: ld returned 1 exit status
configure:16549: $? = 1
configure:16534: re-using the existing conftest.o
configure:16540: g++ -o conftest -g -O2    -L/opt/lib conftest.o -lboost_system-  >&5
/usr/bin/ld: cannot find -lboost_system-
collect2: error: ld returned 1 exit status
configure:16549: $? = 1
configure:16534: re-using the existing conftest.o
configure:16540: g++ -o conftest -g -O2    -L/opt/libexec conftest.o -lboost_system-  >&5
/usr/bin/ld: cannot find -lboost_system-
collect2: error: ld returned 1 exit status
configure:16549: $? = 1
configure:16534: re-using the existing conftest.o
configure:16540: g++ -o conftest -g -O2    -L/usr/lib conftest.o -lboost_system-  >&5
/usr/bin/ld: cannot find -lboost_system-
collect2: error: ld returned 1 exit status
configure:16549: $? = 1
configure:16534: re-using the existing conftest.o
configure:16540: g++ -o conftest -g -O2    -L/lib conftest.o -lboost_system-  >&5
/usr/bin/ld: cannot find -lboost_system-
collect2: error: ld returned 1 exit status
configure:16549: $? = 1
configure:16534: re-using the existing conftest.o
configure:16540: g++ -o conftest -g -O2    -L/usr/local/lib conftest.o -lboost_system--mt-d  >&5
/usr/bin/ld: cannot find -lboost_system--mt-d
collect2: error: ld returned 1 exit status
configure:16549: $? = 1
configure:16534: re-using the existing conftest.o
configure:16540: g++ -o conftest -g -O2    -L/opt/lib conftest.o -lboost_system--mt-d  >&5
/usr/bin/ld: cannot find -lboost_system--mt-d
collect2: error: ld returned 1 exit status
configure:16549: $? = 1
configure:16534: re-using the existing conftest.o
configure:16540: g++ -o conftest -g -O2    -L/opt/libexec conftest.o -lboost_system--mt-d  >&5
/usr/bin/ld: cannot find -lboost_system--mt-d
collect2: error: ld returned 1 exit status
configure:16549: $? = 1
configure:16534: re-using the existing conftest.o
configure:16540: g++ -o conftest -g -O2    -L/usr/lib conftest.o -lboost_system--mt-d  >&5
/usr/bin/ld: cannot find -lboost_system--mt-d
collect2: error: ld returned 1 exit status
configure:16549: $? = 1
configure:16534: re-using the existing conftest.o
configure:16540: g++ -o conftest -g -O2    -L/lib conftest.o -lboost_system--mt-d  >&5
/usr/bin/ld: cannot find -lboost_system--mt-d
collect2: error: ld returned 1 exit status
configure:16549: $? = 1
configure:16534: re-using the existing conftest.o
configure:16540: g++ -o conftest -g -O2    -L/usr/local/lib conftest.o -lboost_system--d  >&5
/usr/bin/ld: cannot find -lboost_system--d
collect2: error: ld returned 1 exit status
configure:16549: $? = 1
configure:16534: re-using the existing conftest.o
configure:16540: g++ -o conftest -g -O2    -L/opt/lib conftest.o -lboost_system--d  >&5
/usr/bin/ld: cannot find -lboost_system--d
collect2: error: ld returned 1 exit status
configure:16549: $? = 1
configure:16534: re-using the existing conftest.o
configure:16540: g++ -o conftest -g -O2    -L/opt/libexec conftest.o -lboost_system--d  >&5
/usr/bin/ld: cannot find -lboost_system--d
collect2: error: ld returned 1 exit status
configure:16549: $? = 1
configure:16534: re-using the existing conftest.o
configure:16540: g++ -o conftest -g -O2    -L/usr/lib conftest.o -lboost_system--d  >&5
/usr/bin/ld: cannot find -lboost_system--d
collect2: error: ld returned 1 exit status
configure:16549: $? = 1
configure:16534: re-using the existing conftest.o
configure:16540: g++ -o conftest -g -O2    -L/lib conftest.o -lboost_system--d  >&5
/usr/bin/ld: cannot find -lboost_system--d
collect2: error: ld returned 1 exit status
configure:16549: $? = 1
configure:16534: re-using the existing conftest.o
configure:16540: g++ -o conftest -g -O2    -L/usr/local/lib conftest.o -lboost_system-mt-1_49  >&5
/usr/bin/ld: cannot find -lboost_system-mt-1_49
collect2: error: ld returned 1 exit status
configure:16549: $? = 1
configure:16534: re-using the existing conftest.o
configure:16540: g++ -o conftest -g -O2    -L/opt/lib conftest.o -lboost_system-mt-1_49  >&5
/usr/bin/ld: cannot find -lboost_system-mt-1_49
collect2: error: ld returned 1 exit status
configure:16549: $? = 1
configure:16534: re-using the existing conftest.o
configure:16540: g++ -o conftest -g -O2    -L/opt/libexec conftest.o -lboost_system-mt-1_49  >&5
/usr/bin/ld: cannot find -lboost_system-mt-1_49
collect2: error: ld returned 1 exit status
configure:16549: $? = 1
configure:16534: re-using the existing conftest.o
configure:16540: g++ -o conftest -g -O2    -L/usr/lib conftest.o -lboost_system-mt-1_49  >&5
/usr/bin/ld: cannot find -lboost_system-mt-1_49
collect2: error: ld returned 1 exit status
configure:16549: $? = 1
configure:16534: re-using the existing conftest.o
configure:16540: g++ -o conftest -g -O2    -L/lib conftest.o -lboost_system-mt-1_49  >&5
/usr/bin/ld: cannot find -lboost_system-mt-1_49
collect2: error: ld returned 1 exit status
configure:16549: $? = 1
configure:16534: re-using the existing conftest.o
configure:16540: g++ -o conftest -g -O2    -L/usr/local/lib conftest.o -lboost_system-1_49  >&5
/usr/bin/ld: cannot find -lboost_system-1_49
collect2: error: ld returned 1 exit status
configure:16549: $? = 1
configure:16534: re-using the existing conftest.o
configure:16540: g++ -o conftest -g -O2    -L/opt/lib conftest.o -lboost_system-1_49  >&5
/usr/bin/ld: cannot find -lboost_system-1_49
collect2: error: ld returned 1 exit status
configure:16549: $? = 1
configure:16534: re-using the existing conftest.o
configure:16540: g++ -o conftest -g -O2    -L/opt/libexec conftest.o -lboost_system-1_49  >&5
/usr/bin/ld: cannot find -lboost_system-1_49
collect2: error: ld returned 1 exit status
configure:16549: $? = 1
configure:16534: re-using the existing conftest.o
configure:16540: g++ -o conftest -g -O2    -L/usr/lib conftest.o -lboost_system-1_49  >&5
/usr/bin/ld: cannot find -lboost_system-1_49
collect2: error: ld returned 1 exit status
configure:16549: $? = 1
configure:16534: re-using the existing conftest.o
configure:16540: g++ -o conftest -g -O2    -L/lib conftest.o -lboost_system-1_49  >&5
/usr/bin/ld: cannot find -lboost_system-1_49
collect2: error: ld returned 1 exit status
configure:16549: $? = 1
configure:16534: re-using the existing conftest.o
configure:16540: g++ -o conftest -g -O2    -L/usr/local/lib conftest.o -lboost_system-mt-d-1_49  >&5
/usr/bin/ld: cannot find -lboost_system-mt-d-1_49
collect2: error: ld returned 1 exit status
configure:16549: $? = 1
configure:16534: re-using the existing conftest.o
configure:16540: g++ -o conftest -g -O2    -L/opt/lib conftest.o -lboost_system-mt-d-1_49  >&5
/usr/bin/ld: cannot find -lboost_system-mt-d-1_49
collect2: error: ld returned 1 exit status
configure:16549: $? = 1
configure:16534: re-using the existing conftest.o
configure:16540: g++ -o conftest -g -O2    -L/opt/libexec conftest.o -lboost_system-mt-d-1_49  >&5
/usr/bin/ld: cannot find -lboost_system-mt-d-1_49
collect2: error: ld returned 1 exit status
configure:16549: $? = 1
configure:16534: re-using the existing conftest.o
configure:16540: g++ -o conftest -g -O2    -L/usr/lib conftest.o -lboost_system-mt-d-1_49  >&5
/usr/bin/ld: cannot find -lboost_system-mt-d-1_49
collect2: error: ld returned 1 exit status
configure:16549: $? = 1
configure:16534: re-using the existing conftest.o
configure:16540: g++ -o conftest -g -O2    -L/lib conftest.o -lboost_system-mt-d-1_49  >&5
/usr/bin/ld: cannot find -lboost_system-mt-d-1_49
collect2: error: ld returned 1 exit status
configure:16549: $? = 1
configure:16534: re-using the existing conftest.o
configure:16540: g++ -o conftest -g -O2    -L/usr/local/lib conftest.o -lboost_system-d-1_49  >&5
/usr/bin/ld: cannot find -lboost_system-d-1_49
collect2: error: ld returned 1 exit status
configure:16549: $? = 1
configure:16534: re-using the existing conftest.o
configure:16540: g++ -o conftest -g -O2    -L/opt/lib conftest.o -lboost_system-d-1_49  >&5
/usr/bin/ld: cannot find -lboost_system-d-1_49
collect2: error: ld returned 1 exit status
configure:16549: $? = 1
configure:16534: re-using the existing conftest.o
configure:16540: g++ -o conftest -g -O2    -L/opt/libexec conftest.o -lboost_system-d-1_49  >&5
/usr/bin/ld: cannot find -lboost_system-d-1_49
collect2: error: ld returned 1 exit status
configure:16549: $? = 1
configure:16534: re-using the existing conftest.o
configure:16540: g++ -o conftest -g -O2    -L/usr/lib conftest.o -lboost_system-d-1_49  >&5
/usr/bin/ld: cannot find -lboost_system-d-1_49
collect2: error: ld returned 1 exit status
configure:16549: $? = 1
configure:16534: re-using the existing conftest.o
configure:16540: g++ -o conftest -g -O2    -L/lib conftest.o -lboost_system-d-1_49  >&5
/usr/bin/ld: cannot find -lboost_system-d-1_49
collect2: error: ld returned 1 exit status
configure:16549: $? = 1
configure:16534: re-using the existing conftest.o
configure:16540: g++ -o conftest -g -O2    -L/usr/local/lib conftest.o -lboost_system-mt  >&5
/usr/bin/ld: cannot find -lboost_system-mt
collect2: error: ld returned 1 exit status
configure:16549: $? = 1
configure:16534: re-using the existing conftest.o
configure:16540: g++ -o conftest -g -O2    -L/opt/lib conftest.o -lboost_system-mt  >&5
/usr/bin/ld: cannot find -lboost_system-mt
collect2: error: ld returned 1 exit status
configure:16549: $? = 1
configure:16534: re-using the existing conftest.o
configure:16540: g++ -o conftest -g -O2    -L/opt/libexec conftest.o -lboost_system-mt  >&5
/usr/bin/ld: cannot find -lboost_system-mt
collect2: error: ld returned 1 exit status
configure:16549: $? = 1
configure:16534: re-using the existing conftest.o
configure:16540: g++ -o conftest -g -O2    -L/usr/lib conftest.o -lboost_system-mt  >&5
/usr/bin/ld: cannot find -lboost_system-mt
collect2: error: ld returned 1 exit status
configure:16549: $? = 1
configure:16534: re-using the existing conftest.o
configure:16540: g++ -o conftest -g -O2    -L/lib conftest.o -lboost_system-mt  >&5
/usr/bin/ld: cannot find -lboost_system-mt
collect2: error: ld returned 1 exit status
configure:16549: $? = 1
configure:16534: re-using the existing conftest.o
configure:16540: g++ -o conftest -g -O2    -L/usr/local/lib conftest.o -lboost_system  >&5
configure:16549: $? = 0
configure:16589: result: yes
configure:16623: checking boost/asio.hpp usability
configure:16623: g++ -c -g -O2   conftest.cpp >&5
configure:16623: $? = 0
configure:16623: result: yes
configure:16623: checking boost/asio.hpp presence
configure:16623: g++ -E   conftest.cpp
configure:16623: $? = 0
configure:16623: result: yes
configure:16623: checking for boost/asio.hpp
configure:16623: result: yes
configure:16653: checking boost/function.hpp usability
configure:16653: g++ -c -g -O2   conftest.cpp >&5
configure:16653: $? = 0
configure:16653: result: yes
configure:16653: checking boost/function.hpp presence
configure:16653: g++ -E   conftest.cpp
configure:16653: $? = 0
configure:16653: result: yes
configure:16653: checking for boost/function.hpp
configure:16653: result: yes
configure:16683: checking boost/tokenizer.hpp usability
configure:16683: g++ -c -g -O2   conftest.cpp >&5
configure:16683: $? = 0
configure:16683: result: yes
configure:16683: checking boost/tokenizer.hpp presence
configure:16683: g++ -E   conftest.cpp
configure:16683: $? = 0
configure:16683: result: yes
configure:16683: checking for boost/tokenizer.hpp
configure:16683: result: yes
configure:16722: checking boost/signal.hpp usability
configure:16722: g++ -c -g -O2   conftest.cpp >&5
configure:16722: $? = 0
configure:16722: result: yes
configure:16722: checking boost/signal.hpp presence
configure:16722: g++ -E   conftest.cpp
configure:16722: $? = 0
configure:16722: result: yes
configure:16722: checking for boost/signal.hpp
configure:16722: result: yes
configure:16749: checking for the Boost signals library
configure:16791: g++ -c -g -O2   conftest.cpp >&5
configure:16791: $? = 0
configure:16842: re-using the existing conftest.o
configure:16848: g++ -o conftest -g -O2    -L/usr/local/lib conftest.o -lboost_signals--mt-1_49  >&5
/usr/bin/ld: cannot find -lboost_signals--mt-1_49
collect2: error: ld returned 1 exit status
configure:16857: $? = 1
configure:16842: re-using the existing conftest.o
configure:16848: g++ -o conftest -g -O2    -L/opt/lib conftest.o -lboost_signals--mt-1_49  >&5
/usr/bin/ld: cannot find -lboost_signals--mt-1_49
collect2: error: ld returned 1 exit status
configure:16857: $? = 1
configure:16842: re-using the existing conftest.o
configure:16848: g++ -o conftest -g -O2    -L/opt/libexec conftest.o -lboost_signals--mt-1_49  >&5
/usr/bin/ld: cannot find -lboost_signals--mt-1_49
collect2: error: ld returned 1 exit status
configure:16857: $? = 1
configure:16842: re-using the existing conftest.o
configure:16848: g++ -o conftest -g -O2    -L/usr/lib conftest.o -lboost_signals--mt-1_49  >&5
/usr/bin/ld: cannot find -lboost_signals--mt-1_49
collect2: error: ld returned 1 exit status
configure:16857: $? = 1
configure:16842: re-using the existing conftest.o
configure:16848: g++ -o conftest -g -O2    -L/lib conftest.o -lboost_signals--mt-1_49  >&5
/usr/bin/ld: cannot find -lboost_signals--mt-1_49
collect2: error: ld returned 1 exit status
configure:16857: $? = 1
configure:16842: re-using the existing conftest.o
configure:16848: g++ -o conftest -g -O2    -L/usr/local/lib conftest.o -lboost_signals--1_49  >&5
/usr/bin/ld: cannot find -lboost_signals--1_49
collect2: error: ld returned 1 exit status
configure:16857: $? = 1
configure:16842: re-using the existing conftest.o
configure:16848: g++ -o conftest -g -O2    -L/opt/lib conftest.o -lboost_signals--1_49  >&5
/usr/bin/ld: cannot find -lboost_signals--1_49
collect2: error: ld returned 1 exit status
configure:16857: $? = 1
configure:16842: re-using the existing conftest.o
configure:16848: g++ -o conftest -g -O2    -L/opt/libexec conftest.o -lboost_signals--1_49  >&5
/usr/bin/ld: cannot find -lboost_signals--1_49
collect2: error: ld returned 1 exit status
configure:16857: $? = 1
configure:16842: re-using the existing conftest.o
configure:16848: g++ -o conftest -g -O2    -L/usr/lib conftest.o -lboost_signals--1_49  >&5
/usr/bin/ld: cannot find -lboost_signals--1_49
collect2: error: ld returned 1 exit status
configure:16857: $? = 1
configure:16842: re-using the existing conftest.o
configure:16848: g++ -o conftest -g -O2    -L/lib conftest.o -lboost_signals--1_49  >&5
/usr/bin/ld: cannot find -lboost_signals--1_49
collect2: error: ld returned 1 exit status
configure:16857: $? = 1
configure:16842: re-using the existing conftest.o
configure:16848: g++ -o conftest -g -O2    -L/usr/local/lib conftest.o -lboost_signals--mt-d-1_49  >&5
/usr/bin/ld: cannot find -lboost_signals--mt-d-1_49
collect2: error: ld returned 1 exit status
configure:16857: $? = 1
configure:16842: re-using the existing conftest.o
configure:16848: g++ -o conftest -g -O2    -L/opt/lib conftest.o -lboost_signals--mt-d-1_49  >&5
/usr/bin/ld: cannot find -lboost_signals--mt-d-1_49
collect2: error: ld returned 1 exit status
configure:16857: $? = 1
configure:16842: re-using the existing conftest.o
configure:16848: g++ -o conftest -g -O2    -L/opt/libexec conftest.o -lboost_signals--mt-d-1_49  >&5
/usr/bin/ld: cannot find -lboost_signals--mt-d-1_49
collect2: error: ld returned 1 exit status
configure:16857: $? = 1
configure:16842: re-using the existing conftest.o
configure:16848: g++ -o conftest -g -O2    -L/usr/lib conftest.o -lboost_signals--mt-d-1_49  >&5
/usr/bin/ld: cannot find -lboost_signals--mt-d-1_49
collect2: error: ld returned 1 exit status
configure:16857: $? = 1
configure:16842: re-using the existing conftest.o
configure:16848: g++ -o conftest -g -O2    -L/lib conftest.o -lboost_signals--mt-d-1_49  >&5
/usr/bin/ld: cannot find -lboost_signals--mt-d-1_49
collect2: error: ld returned 1 exit status
configure:16857: $? = 1
configure:16842: re-using the existing conftest.o
configure:16848: g++ -o conftest -g -O2    -L/usr/local/lib conftest.o -lboost_signals--d-1_49  >&5
/usr/bin/ld: cannot find -lboost_signals--d-1_49
collect2: error: ld returned 1 exit status
configure:16857: $? = 1
configure:16842: re-using the existing conftest.o
configure:16848: g++ -o conftest -g -O2    -L/opt/lib conftest.o -lboost_signals--d-1_49  >&5
/usr/bin/ld: cannot find -lboost_signals--d-1_49
collect2: error: ld returned 1 exit status
configure:16857: $? = 1
configure:16842: re-using the existing conftest.o
configure:16848: g++ -o conftest -g -O2    -L/opt/libexec conftest.o -lboost_signals--d-1_49  >&5
/usr/bin/ld: cannot find -lboost_signals--d-1_49
collect2: error: ld returned 1 exit status
configure:16857: $? = 1
configure:16842: re-using the existing conftest.o
configure:16848: g++ -o conftest -g -O2    -L/usr/lib conftest.o -lboost_signals--d-1_49  >&5
/usr/bin/ld: cannot find -lboost_signals--d-1_49
collect2: error: ld returned 1 exit status
configure:16857: $? = 1
configure:16842: re-using the existing conftest.o
configure:16848: g++ -o conftest -g -O2    -L/lib conftest.o -lboost_signals--d-1_49  >&5
/usr/bin/ld: cannot find -lboost_signals--d-1_49
collect2: error: ld returned 1 exit status
configure:16857: $? = 1
configure:16842: re-using the existing conftest.o
configure:16848: g++ -o conftest -g -O2    -L/usr/local/lib conftest.o -lboost_signals--mt  >&5
/usr/bin/ld: cannot find -lboost_signals--mt
collect2: error: ld returned 1 exit status
configure:16857: $? = 1
configure:16842: re-using the existing conftest.o
configure:16848: g++ -o conftest -g -O2    -L/opt/lib conftest.o -lboost_signals--mt  >&5
/usr/bin/ld: cannot find -lboost_signals--mt
collect2: error: ld returned 1 exit status
configure:16857: $? = 1
configure:16842: re-using the existing conftest.o
configure:16848: g++ -o conftest -g -O2    -L/opt/libexec conftest.o -lboost_signals--mt  >&5
/usr/bin/ld: cannot find -lboost_signals--mt
collect2: error: ld returned 1 exit status
configure:16857: $? = 1
configure:16842: re-using the existing conftest.o
configure:16848: g++ -o conftest -g -O2    -L/usr/lib conftest.o -lboost_signals--mt  >&5
/usr/bin/ld: cannot find -lboost_signals--mt
collect2: error: ld returned 1 exit status
configure:16857: $? = 1
configure:16842: re-using the existing conftest.o
configure:16848: g++ -o conftest -g -O2    -L/lib conftest.o -lboost_signals--mt  >&5
/usr/bin/ld: cannot find -lboost_signals--mt
collect2: error: ld returned 1 exit status
configure:16857: $? = 1
configure:16842: re-using the existing conftest.o
configure:16848: g++ -o conftest -g -O2    -L/usr/local/lib conftest.o -lboost_signals-  >&5
/usr/bin/ld: cannot find -lboost_signals-
collect2: error: ld returned 1 exit status
configure:16857: $? = 1
configure:16842: re-using the existing conftest.o
configure:16848: g++ -o conftest -g -O2    -L/opt/lib conftest.o -lboost_signals-  >&5
/usr/bin/ld: cannot find -lboost_signals-
collect2: error: ld returned 1 exit status
configure:16857: $? = 1
configure:16842: re-using the existing conftest.o
configure:16848: g++ -o conftest -g -O2    -L/opt/libexec conftest.o -lboost_signals-  >&5
/usr/bin/ld: cannot find -lboost_signals-
collect2: error: ld returned 1 exit status
configure:16857: $? = 1
configure:16842: re-using the existing conftest.o
configure:16848: g++ -o conftest -g -O2    -L/usr/lib conftest.o -lboost_signals-  >&5
/usr/bin/ld: cannot find -lboost_signals-
collect2: error: ld returned 1 exit status
configure:16857: $? = 1
configure:16842: re-using the existing conftest.o
configure:16848: g++ -o conftest -g -O2    -L/lib conftest.o -lboost_signals-  >&5
/usr/bin/ld: cannot find -lboost_signals-
collect2: error: ld returned 1 exit status
configure:16857: $? = 1
configure:16842: re-using the existing conftest.o
configure:16848: g++ -o conftest -g -O2    -L/usr/local/lib conftest.o -lboost_signals--mt-d  >&5
/usr/bin/ld: cannot find -lboost_signals--mt-d
collect2: error: ld returned 1 exit status
configure:16857: $? = 1
configure:16842: re-using the existing conftest.o
configure:16848: g++ -o conftest -g -O2    -L/opt/lib conftest.o -lboost_signals--mt-d  >&5
/usr/bin/ld: cannot find -lboost_signals--mt-d
collect2: error: ld returned 1 exit status
configure:16857: $? = 1
configure:16842: re-using the existing conftest.o
configure:16848: g++ -o conftest -g -O2    -L/opt/libexec conftest.o -lboost_signals--mt-d  >&5
/usr/bin/ld: cannot find -lboost_signals--mt-d
collect2: error: ld returned 1 exit status
configure:16857: $? = 1
configure:16842: re-using the existing conftest.o
configure:16848: g++ -o conftest -g -O2    -L/usr/lib conftest.o -lboost_signals--mt-d  >&5
/usr/bin/ld: cannot find -lboost_signals--mt-d
collect2: error: ld returned 1 exit status
configure:16857: $? = 1
configure:16842: re-using the existing conftest.o
configure:16848: g++ -o conftest -g -O2    -L/lib conftest.o -lboost_signals--mt-d  >&5
/usr/bin/ld: cannot find -lboost_signals--mt-d
collect2: error: ld returned 1 exit status
configure:16857: $? = 1
configure:16842: re-using the existing conftest.o
configure:16848: g++ -o conftest -g -O2    -L/usr/local/lib conftest.o -lboost_signals--d  >&5
/usr/bin/ld: cannot find -lboost_signals--d
collect2: error: ld returned 1 exit status
configure:16857: $? = 1
configure:16842: re-using the existing conftest.o
configure:16848: g++ -o conftest -g -O2    -L/opt/lib conftest.o -lboost_signals--d  >&5
/usr/bin/ld: cannot find -lboost_signals--d
collect2: error: ld returned 1 exit status
configure:16857: $? = 1
configure:16842: re-using the existing conftest.o
configure:16848: g++ -o conftest -g -O2    -L/opt/libexec conftest.o -lboost_signals--d  >&5
/usr/bin/ld: cannot find -lboost_signals--d
collect2: error: ld returned 1 exit status
configure:16857: $? = 1
configure:16842: re-using the existing conftest.o
configure:16848: g++ -o conftest -g -O2    -L/usr/lib conftest.o -lboost_signals--d  >&5
/usr/bin/ld: cannot find -lboost_signals--d
collect2: error: ld returned 1 exit status
configure:16857: $? = 1
configure:16842: re-using the existing conftest.o
configure:16848: g++ -o conftest -g -O2    -L/lib conftest.o -lboost_signals--d  >&5
/usr/bin/ld: cannot find -lboost_signals--d
collect2: error: ld returned 1 exit status
configure:16857: $? = 1
configure:16842: re-using the existing conftest.o
configure:16848: g++ -o conftest -g -O2    -L/usr/local/lib conftest.o -lboost_signals-mt-1_49  >&5
/usr/bin/ld: cannot find -lboost_signals-mt-1_49
collect2: error: ld returned 1 exit status
configure:16857: $? = 1
configure:16842: re-using the existing conftest.o
configure:16848: g++ -o conftest -g -O2    -L/opt/lib conftest.o -lboost_signals-mt-1_49  >&5
/usr/bin/ld: cannot find -lboost_signals-mt-1_49
collect2: error: ld returned 1 exit status
configure:16857: $? = 1
configure:16842: re-using the existing conftest.o
configure:16848: g++ -o conftest -g -O2    -L/opt/libexec conftest.o -lboost_signals-mt-1_49  >&5
/usr/bin/ld: cannot find -lboost_signals-mt-1_49
collect2: error: ld returned 1 exit status
configure:16857: $? = 1
configure:16842: re-using the existing conftest.o
configure:16848: g++ -o conftest -g -O2    -L/usr/lib conftest.o -lboost_signals-mt-1_49  >&5
/usr/bin/ld: cannot find -lboost_signals-mt-1_49
collect2: error: ld returned 1 exit status
configure:16857: $? = 1
configure:16842: re-using the existing conftest.o
configure:16848: g++ -o conftest -g -O2    -L/lib conftest.o -lboost_signals-mt-1_49  >&5
/usr/bin/ld: cannot find -lboost_signals-mt-1_49
collect2: error: ld returned 1 exit status
configure:16857: $? = 1
configure:16842: re-using the existing conftest.o
configure:16848: g++ -o conftest -g -O2    -L/usr/local/lib conftest.o -lboost_signals-1_49  >&5
/usr/bin/ld: cannot find -lboost_signals-1_49
collect2: error: ld returned 1 exit status
configure:16857: $? = 1
configure:16842: re-using the existing conftest.o
configure:16848: g++ -o conftest -g -O2    -L/opt/lib conftest.o -lboost_signals-1_49  >&5
/usr/bin/ld: cannot find -lboost_signals-1_49
collect2: error: ld returned 1 exit status
configure:16857: $? = 1
configure:16842: re-using the existing conftest.o
configure:16848: g++ -o conftest -g -O2    -L/opt/libexec conftest.o -lboost_signals-1_49  >&5
/usr/bin/ld: cannot find -lboost_signals-1_49
collect2: error: ld returned 1 exit status
configure:16857: $? = 1
configure:16842: re-using the existing conftest.o
configure:16848: g++ -o conftest -g -O2    -L/usr/lib conftest.o -lboost_signals-1_49  >&5
/usr/bin/ld: cannot find -lboost_signals-1_49
collect2: error: ld returned 1 exit status
configure:16857: $? = 1
configure:16842: re-using the existing conftest.o
configure:16848: g++ -o conftest -g -O2    -L/lib conftest.o -lboost_signals-1_49  >&5
/usr/bin/ld: cannot find -lboost_signals-1_49
collect2: error: ld returned 1 exit status
configure:16857: $? = 1
configure:16842: re-using the existing conftest.o
configure:16848: g++ -o conftest -g -O2    -L/usr/local/lib conftest.o -lboost_signals-mt-d-1_49  >&5
/usr/bin/ld: cannot find -lboost_signals-mt-d-1_49
collect2: error: ld returned 1 exit status
configure:16857: $? = 1
configure:16842: re-using the existing conftest.o
configure:16848: g++ -o conftest -g -O2    -L/opt/lib conftest.o -lboost_signals-mt-d-1_49  >&5
/usr/bin/ld: cannot find -lboost_signals-mt-d-1_49
collect2: error: ld returned 1 exit status
configure:16857: $? = 1
configure:16842: re-using the existing conftest.o
configure:16848: g++ -o conftest -g -O2    -L/opt/libexec conftest.o -lboost_signals-mt-d-1_49  >&5
/usr/bin/ld: cannot find -lboost_signals-mt-d-1_49
collect2: error: ld returned 1 exit status
configure:16857: $? = 1
configure:16842: re-using the existing conftest.o
configure:16848: g++ -o conftest -g -O2    -L/usr/lib conftest.o -lboost_signals-mt-d-1_49  >&5
/usr/bin/ld: cannot find -lboost_signals-mt-d-1_49
collect2: error: ld returned 1 exit status
configure:16857: $? = 1
configure:16842: re-using the existing conftest.o
configure:16848: g++ -o conftest -g -O2    -L/lib conftest.o -lboost_signals-mt-d-1_49  >&5
/usr/bin/ld: cannot find -lboost_signals-mt-d-1_49
collect2: error: ld returned 1 exit status
configure:16857: $? = 1
configure:16842: re-using the existing conftest.o
configure:16848: g++ -o conftest -g -O2    -L/usr/local/lib conftest.o -lboost_signals-d-1_49  >&5
/usr/bin/ld: cannot find -lboost_signals-d-1_49
collect2: error: ld returned 1 exit status
configure:16857: $? = 1
configure:16842: re-using the existing conftest.o
configure:16848: g++ -o conftest -g -O2    -L/opt/lib conftest.o -lboost_signals-d-1_49  >&5
/usr/bin/ld: cannot find -lboost_signals-d-1_49
collect2: error: ld returned 1 exit status
configure:16857: $? = 1
configure:16842: re-using the existing conftest.o
configure:16848: g++ -o conftest -g -O2    -L/opt/libexec conftest.o -lboost_signals-d-1_49  >&5
/usr/bin/ld: cannot find -lboost_signals-d-1_49
collect2: error: ld returned 1 exit status
configure:16857: $? = 1
configure:16842: re-using the existing conftest.o
configure:16848: g++ -o conftest -g -O2    -L/usr/lib conftest.o -lboost_signals-d-1_49  >&5
/usr/bin/ld: cannot find -lboost_signals-d-1_49
collect2: error: ld returned 1 exit status
configure:16857: $? = 1
configure:16842: re-using the existing conftest.o
configure:16848: g++ -o conftest -g -O2    -L/lib conftest.o -lboost_signals-d-1_49  >&5
/usr/bin/ld: cannot find -lboost_signals-d-1_49
collect2: error: ld returned 1 exit status
configure:16857: $? = 1
configure:16842: re-using the existing conftest.o
configure:16848: g++ -o conftest -g -O2    -L/usr/local/lib conftest.o -lboost_signals-mt  >&5
/usr/bin/ld: cannot find -lboost_signals-mt
collect2: error: ld returned 1 exit status
configure:16857: $? = 1
configure:16842: re-using the existing conftest.o
configure:16848: g++ -o conftest -g -O2    -L/opt/lib conftest.o -lboost_signals-mt  >&5
/usr/bin/ld: cannot find -lboost_signals-mt
collect2: error: ld returned 1 exit status
configure:16857: $? = 1
configure:16842: re-using the existing conftest.o
configure:16848: g++ -o conftest -g -O2    -L/opt/libexec conftest.o -lboost_signals-mt  >&5
/usr/bin/ld: cannot find -lboost_signals-mt
collect2: error: ld returned 1 exit status
configure:16857: $? = 1
configure:16842: re-using the existing conftest.o
configure:16848: g++ -o conftest -g -O2    -L/usr/lib conftest.o -lboost_signals-mt  >&5
/usr/bin/ld: cannot find -lboost_signals-mt
collect2: error: ld returned 1 exit status
configure:16857: $? = 1
configure:16842: re-using the existing conftest.o
configure:16848: g++ -o conftest -g -O2    -L/lib conftest.o -lboost_signals-mt  >&5
/usr/bin/ld: cannot find -lboost_signals-mt
collect2: error: ld returned 1 exit status
configure:16857: $? = 1
configure:16842: re-using the existing conftest.o
configure:16848: g++ -o conftest -g -O2    -L/usr/local/lib conftest.o -lboost_signals  >&5
configure:16857: $? = 0
configure:16897: result: yes
configure:16925: checking for the flags needed to use pthreads
configure:16980: g++ -o conftest -g -O2   conftest.cpp   >&5
/tmp/ccgXiETu.o: In function `main':
/home/denes/Devel/Bleeding/denprot/dptcpp/conftest.cpp:33: undefined reference to `pthread_join'
/home/denes/Devel/Bleeding/denprot/dptcpp/conftest.cpp:35: undefined reference to `pthread_create'
collect2: error: ld returned 1 exit status
configure:16980: $? = 1
configure: failed program was:
| /* confdefs.h */
| #define PACKAGE_NAME "dptcpp"
| #define PACKAGE_TARNAME "dptcpp"
| #define PACKAGE_VERSION "0.1"
| #define PACKAGE_STRING "dptcpp 0.1"
| #define PACKAGE_BUGREPORT "denes.almasi@gmail.com"
| #define PACKAGE_URL ""
| #define STDC_HEADERS 1
| #define HAVE_SYS_TYPES_H 1
| #define HAVE_SYS_STAT_H 1
| #define HAVE_STDLIB_H 1
| #define HAVE_STRING_H 1
| #define HAVE_MEMORY_H 1
| #define HAVE_STRINGS_H 1
| #define HAVE_INTTYPES_H 1
| #define HAVE_STDINT_H 1
| #define HAVE_UNISTD_H 1
| #define HAVE_DLFCN_H 1
| #define LT_OBJDIR ".libs/"
| #define PACKAGE "dptcpp"
| #define VERSION "0.1"
| #define HAVE_BOOST 1
| #define HAVE_BOOST_SYSTEM_ERROR_CODE_HPP 1
| #define HAVE_BOOST_ASIO_HPP 1
| #define HAVE_BOOST_FUNCTION_HPP 1
| #define HAVE_BOOST_TOKENIZER_HPP 1
| #define HAVE_BOOST_SIGNAL_HPP 1
| /* end confdefs.h.  */
| #include <pthread.h>
| int
| main ()
| {
| pthread_t th; pthread_join(th, 0);
|     pthread_attr_init(0); pthread_cleanup_push(0, 0);
|     pthread_create(0,0,0,0); pthread_cleanup_pop(0);
|   ;
|   return 0;
| }
configure:16980: g++ -o conftest -g -O2   conftest.cpp  -lpthreads >&5
/usr/bin/ld: cannot find -lpthreads
collect2: error: ld returned 1 exit status
configure:16980: $? = 1
configure: failed program was:
| /* confdefs.h */
| #define PACKAGE_NAME "dptcpp"
| #define PACKAGE_TARNAME "dptcpp"
| #define PACKAGE_VERSION "0.1"
| #define PACKAGE_STRING "dptcpp 0.1"
| #define PACKAGE_BUGREPORT "denes.almasi@gmail.com"
| #define PACKAGE_URL ""
| #define STDC_HEADERS 1
| #define HAVE_SYS_TYPES_H 1
| #define HAVE_SYS_STAT_H 1
| #define HAVE_STDLIB_H 1
| #define HAVE_STRING_H 1
| #define HAVE_MEMORY_H 1
| #define HAVE_STRINGS_H 1
| #define HAVE_INTTYPES_H 1
| #define HAVE_STDINT_H 1
| #define HAVE_UNISTD_H 1
| #define HAVE_DLFCN_H 1
| #define LT_OBJDIR ".libs/"
| #define PACKAGE "dptcpp"
| #define VERSION "0.1"
| #define HAVE_BOOST 1
| #define HAVE_BOOST_SYSTEM_ERROR_CODE_HPP 1
| #define HAVE_BOOST_ASIO_HPP 1
| #define HAVE_BOOST_FUNCTION_HPP 1
| #define HAVE_BOOST_TOKENIZER_HPP 1
| #define HAVE_BOOST_SIGNAL_HPP 1
| /* end confdefs.h.  */
| #include <pthread.h>
| int
| main ()
| {
| pthread_t th; pthread_join(th, 0);
|     pthread_attr_init(0); pthread_cleanup_push(0, 0);
|     pthread_create(0,0,0,0); pthread_cleanup_pop(0);
|   ;
|   return 0;
| }
configure:16980: g++ -o conftest -g -O2   conftest.cpp  -Kthread >&5
g++: error: unrecognized command line option '-Kthread'
configure:16980: $? = 1
configure: failed program was:
| /* confdefs.h */
| #define PACKAGE_NAME "dptcpp"
| #define PACKAGE_TARNAME "dptcpp"
| #define PACKAGE_VERSION "0.1"
| #define PACKAGE_STRING "dptcpp 0.1"
| #define PACKAGE_BUGREPORT "denes.almasi@gmail.com"
| #define PACKAGE_URL ""
| #define STDC_HEADERS 1
| #define HAVE_SYS_TYPES_H 1
| #define HAVE_SYS_STAT_H 1
| #define HAVE_STDLIB_H 1
| #define HAVE_STRING_H 1
| #define HAVE_MEMORY_H 1
| #define HAVE_STRINGS_H 1
| #define HAVE_INTTYPES_H 1
| #define HAVE_STDINT_H 1
| #define HAVE_UNISTD_H 1
| #define HAVE_DLFCN_H 1
| #define LT_OBJDIR ".libs/"
| #define PACKAGE "dptcpp"
| #define VERSION "0.1"
| #define HAVE_BOOST 1
| #define HAVE_BOOST_SYSTEM_ERROR_CODE_HPP 1
| #define HAVE_BOOST_ASIO_HPP 1
| #define HAVE_BOOST_FUNCTION_HPP 1
| #define HAVE_BOOST_TOKENIZER_HPP 1
| #define HAVE_BOOST_SIGNAL_HPP 1
| /* end confdefs.h.  */
| #include <pthread.h>
| int
| main ()
| {
| pthread_t th; pthread_join(th, 0);
|     pthread_attr_init(0); pthread_cleanup_push(0, 0);
|     pthread_create(0,0,0,0); pthread_cleanup_pop(0);
|   ;
|   return 0;
| }
configure:16980: g++ -o conftest -g -O2   conftest.cpp  -kthread >&5
g++: error: unrecognized command line option '-kthread'
configure:16980: $? = 1
configure: failed program was:
| /* confdefs.h */
| #define PACKAGE_NAME "dptcpp"
| #define PACKAGE_TARNAME "dptcpp"
| #define PACKAGE_VERSION "0.1"
| #define PACKAGE_STRING "dptcpp 0.1"
| #define PACKAGE_BUGREPORT "denes.almasi@gmail.com"
| #define PACKAGE_URL ""
| #define STDC_HEADERS 1
| #define HAVE_SYS_TYPES_H 1
| #define HAVE_SYS_STAT_H 1
| #define HAVE_STDLIB_H 1
| #define HAVE_STRING_H 1
| #define HAVE_MEMORY_H 1
| #define HAVE_STRINGS_H 1
| #define HAVE_INTTYPES_H 1
| #define HAVE_STDINT_H 1
| #define HAVE_UNISTD_H 1
| #define HAVE_DLFCN_H 1
| #define LT_OBJDIR ".libs/"
| #define PACKAGE "dptcpp"
| #define VERSION "0.1"
| #define HAVE_BOOST 1
| #define HAVE_BOOST_SYSTEM_ERROR_CODE_HPP 1
| #define HAVE_BOOST_ASIO_HPP 1
| #define HAVE_BOOST_FUNCTION_HPP 1
| #define HAVE_BOOST_TOKENIZER_HPP 1
| #define HAVE_BOOST_SIGNAL_HPP 1
| /* end confdefs.h.  */
| #include <pthread.h>
| int
| main ()
| {
| pthread_t th; pthread_join(th, 0);
|     pthread_attr_init(0); pthread_cleanup_push(0, 0);
|     pthread_create(0,0,0,0); pthread_cleanup_pop(0);
|   ;
|   return 0;
| }
configure:16980: g++ -o conftest -g -O2   conftest.cpp  -llthread >&5
/usr/bin/ld: cannot find -llthread
collect2: error: ld returned 1 exit status
configure:16980: $? = 1
configure: failed program was:
| /* confdefs.h */
| #define PACKAGE_NAME "dptcpp"
| #define PACKAGE_TARNAME "dptcpp"
| #define PACKAGE_VERSION "0.1"
| #define PACKAGE_STRING "dptcpp 0.1"
| #define PACKAGE_BUGREPORT "denes.almasi@gmail.com"
| #define PACKAGE_URL ""
| #define STDC_HEADERS 1
| #define HAVE_SYS_TYPES_H 1
| #define HAVE_SYS_STAT_H 1
| #define HAVE_STDLIB_H 1
| #define HAVE_STRING_H 1
| #define HAVE_MEMORY_H 1
| #define HAVE_STRINGS_H 1
| #define HAVE_INTTYPES_H 1
| #define HAVE_STDINT_H 1
| #define HAVE_UNISTD_H 1
| #define HAVE_DLFCN_H 1
| #define LT_OBJDIR ".libs/"
| #define PACKAGE "dptcpp"
| #define VERSION "0.1"
| #define HAVE_BOOST 1
| #define HAVE_BOOST_SYSTEM_ERROR_CODE_HPP 1
| #define HAVE_BOOST_ASIO_HPP 1
| #define HAVE_BOOST_FUNCTION_HPP 1
| #define HAVE_BOOST_TOKENIZER_HPP 1
| #define HAVE_BOOST_SIGNAL_HPP 1
| /* end confdefs.h.  */
| #include <pthread.h>
| int
| main ()
| {
| pthread_t th; pthread_join(th, 0);
|     pthread_attr_init(0); pthread_cleanup_push(0, 0);
|     pthread_create(0,0,0,0); pthread_cleanup_pop(0);
|   ;
|   return 0;
| }
configure:16980: g++ -o conftest -g -O2   conftest.cpp  -pthread >&5
configure:16980: $? = 0
configure:16994: result: -pthread
configure:17031: checking boost/thread.hpp usability
configure:17031: g++ -c -g -O2  -pthread  conftest.cpp >&5
configure:17031: $? = 0
configure:17031: result: yes
configure:17031: checking boost/thread.hpp presence
configure:17031: g++ -E  -pthread  conftest.cpp
configure:17031: $? = 0
configure:17031: result: yes
configure:17031: checking for boost/thread.hpp
configure:17031: result: yes
configure:17058: checking for the Boost thread library
configure:17100: g++ -c -g -O2  -pthread  conftest.cpp >&5
configure:17100: $? = 0
configure:17151: re-using the existing conftest.o
configure:17157: g++ -o conftest -g -O2  -pthread   -L/usr/local/lib conftest.o -lboost_thread--mt-1_49  -pthread >&5
/usr/bin/ld: cannot find -lboost_thread--mt-1_49
collect2: error: ld returned 1 exit status
configure:17166: $? = 1
configure:17151: re-using the existing conftest.o
configure:17157: g++ -o conftest -g -O2  -pthread   -L/opt/lib conftest.o -lboost_thread--mt-1_49  -pthread >&5
/usr/bin/ld: cannot find -lboost_thread--mt-1_49
collect2: error: ld returned 1 exit status
configure:17166: $? = 1
configure:17151: re-using the existing conftest.o
configure:17157: g++ -o conftest -g -O2  -pthread   -L/opt/libexec conftest.o -lboost_thread--mt-1_49  -pthread >&5
/usr/bin/ld: cannot find -lboost_thread--mt-1_49
collect2: error: ld returned 1 exit status
configure:17166: $? = 1
configure:17151: re-using the existing conftest.o
configure:17157: g++ -o conftest -g -O2  -pthread   -L/usr/lib conftest.o -lboost_thread--mt-1_49  -pthread >&5
/usr/bin/ld: cannot find -lboost_thread--mt-1_49
collect2: error: ld returned 1 exit status
configure:17166: $? = 1
configure:17151: re-using the existing conftest.o
configure:17157: g++ -o conftest -g -O2  -pthread   -L/lib conftest.o -lboost_thread--mt-1_49  -pthread >&5
/usr/bin/ld: cannot find -lboost_thread--mt-1_49
collect2: error: ld returned 1 exit status
configure:17166: $? = 1
configure:17151: re-using the existing conftest.o
configure:17157: g++ -o conftest -g -O2  -pthread   -L/usr/local/lib conftest.o -lboost_thread--1_49  -pthread >&5
/usr/bin/ld: cannot find -lboost_thread--1_49
collect2: error: ld returned 1 exit status
configure:17166: $? = 1
configure:17151: re-using the existing conftest.o
configure:17157: g++ -o conftest -g -O2  -pthread   -L/opt/lib conftest.o -lboost_thread--1_49  -pthread >&5
/usr/bin/ld: cannot find -lboost_thread--1_49
collect2: error: ld returned 1 exit status
configure:17166: $? = 1
configure:17151: re-using the existing conftest.o
configure:17157: g++ -o conftest -g -O2  -pthread   -L/opt/libexec conftest.o -lboost_thread--1_49  -pthread >&5
/usr/bin/ld: cannot find -lboost_thread--1_49
collect2: error: ld returned 1 exit status
configure:17166: $? = 1
configure:17151: re-using the existing conftest.o
configure:17157: g++ -o conftest -g -O2  -pthread   -L/usr/lib conftest.o -lboost_thread--1_49  -pthread >&5
/usr/bin/ld: cannot find -lboost_thread--1_49
collect2: error: ld returned 1 exit status
configure:17166: $? = 1
configure:17151: re-using the existing conftest.o
configure:17157: g++ -o conftest -g -O2  -pthread   -L/lib conftest.o -lboost_thread--1_49  -pthread >&5
/usr/bin/ld: cannot find -lboost_thread--1_49
collect2: error: ld returned 1 exit status
configure:17166: $? = 1
configure:17151: re-using the existing conftest.o
configure:17157: g++ -o conftest -g -O2  -pthread   -L/usr/local/lib conftest.o -lboost_thread--mt-d-1_49  -pthread >&5
/usr/bin/ld: cannot find -lboost_thread--mt-d-1_49
collect2: error: ld returned 1 exit status
configure:17166: $? = 1
configure:17151: re-using the existing conftest.o
configure:17157: g++ -o conftest -g -O2  -pthread   -L/opt/lib conftest.o -lboost_thread--mt-d-1_49  -pthread >&5
/usr/bin/ld: cannot find -lboost_thread--mt-d-1_49
collect2: error: ld returned 1 exit status
configure:17166: $? = 1
configure:17151: re-using the existing conftest.o
configure:17157: g++ -o conftest -g -O2  -pthread   -L/opt/libexec conftest.o -lboost_thread--mt-d-1_49  -pthread >&5
/usr/bin/ld: cannot find -lboost_thread--mt-d-1_49
collect2: error: ld returned 1 exit status
configure:17166: $? = 1
configure:17151: re-using the existing conftest.o
configure:17157: g++ -o conftest -g -O2  -pthread   -L/usr/lib conftest.o -lboost_thread--mt-d-1_49  -pthread >&5
/usr/bin/ld: cannot find -lboost_thread--mt-d-1_49
collect2: error: ld returned 1 exit status
configure:17166: $? = 1
configure:17151: re-using the existing conftest.o
configure:17157: g++ -o conftest -g -O2  -pthread   -L/lib conftest.o -lboost_thread--mt-d-1_49  -pthread >&5
/usr/bin/ld: cannot find -lboost_thread--mt-d-1_49
collect2: error: ld returned 1 exit status
configure:17166: $? = 1
configure:17151: re-using the existing conftest.o
configure:17157: g++ -o conftest -g -O2  -pthread   -L/usr/local/lib conftest.o -lboost_thread--d-1_49  -pthread >&5
/usr/bin/ld: cannot find -lboost_thread--d-1_49
collect2: error: ld returned 1 exit status
configure:17166: $? = 1
configure:17151: re-using the existing conftest.o
configure:17157: g++ -o conftest -g -O2  -pthread   -L/opt/lib conftest.o -lboost_thread--d-1_49  -pthread >&5
/usr/bin/ld: cannot find -lboost_thread--d-1_49
collect2: error: ld returned 1 exit status
configure:17166: $? = 1
configure:17151: re-using the existing conftest.o
configure:17157: g++ -o conftest -g -O2  -pthread   -L/opt/libexec conftest.o -lboost_thread--d-1_49  -pthread >&5
/usr/bin/ld: cannot find -lboost_thread--d-1_49
collect2: error: ld returned 1 exit status
configure:17166: $? = 1
configure:17151: re-using the existing conftest.o
configure:17157: g++ -o conftest -g -O2  -pthread   -L/usr/lib conftest.o -lboost_thread--d-1_49  -pthread >&5
/usr/bin/ld: cannot find -lboost_thread--d-1_49
collect2: error: ld returned 1 exit status
configure:17166: $? = 1
configure:17151: re-using the existing conftest.o
configure:17157: g++ -o conftest -g -O2  -pthread   -L/lib conftest.o -lboost_thread--d-1_49  -pthread >&5
/usr/bin/ld: cannot find -lboost_thread--d-1_49
collect2: error: ld returned 1 exit status
configure:17166: $? = 1
configure:17151: re-using the existing conftest.o
configure:17157: g++ -o conftest -g -O2  -pthread   -L/usr/local/lib conftest.o -lboost_thread--mt  -pthread >&5
/usr/bin/ld: cannot find -lboost_thread--mt
collect2: error: ld returned 1 exit status
configure:17166: $? = 1
configure:17151: re-using the existing conftest.o
configure:17157: g++ -o conftest -g -O2  -pthread   -L/opt/lib conftest.o -lboost_thread--mt  -pthread >&5
/usr/bin/ld: cannot find -lboost_thread--mt
collect2: error: ld returned 1 exit status
configure:17166: $? = 1
configure:17151: re-using the existing conftest.o
configure:17157: g++ -o conftest -g -O2  -pthread   -L/opt/libexec conftest.o -lboost_thread--mt  -pthread >&5
/usr/bin/ld: cannot find -lboost_thread--mt
collect2: error: ld returned 1 exit status
configure:17166: $? = 1
configure:17151: re-using the existing conftest.o
configure:17157: g++ -o conftest -g -O2  -pthread   -L/usr/lib conftest.o -lboost_thread--mt  -pthread >&5
/usr/bin/ld: cannot find -lboost_thread--mt
collect2: error: ld returned 1 exit status
configure:17166: $? = 1
configure:17151: re-using the existing conftest.o
configure:17157: g++ -o conftest -g -O2  -pthread   -L/lib conftest.o -lboost_thread--mt  -pthread >&5
/usr/bin/ld: cannot find -lboost_thread--mt
collect2: error: ld returned 1 exit status
configure:17166: $? = 1
configure:17151: re-using the existing conftest.o
configure:17157: g++ -o conftest -g -O2  -pthread   -L/usr/local/lib conftest.o -lboost_thread-  -pthread >&5
/usr/bin/ld: cannot find -lboost_thread-
collect2: error: ld returned 1 exit status
configure:17166: $? = 1
configure:17151: re-using the existing conftest.o
configure:17157: g++ -o conftest -g -O2  -pthread   -L/opt/lib conftest.o -lboost_thread-  -pthread >&5
/usr/bin/ld: cannot find -lboost_thread-
collect2: error: ld returned 1 exit status
configure:17166: $? = 1
configure:17151: re-using the existing conftest.o
configure:17157: g++ -o conftest -g -O2  -pthread   -L/opt/libexec conftest.o -lboost_thread-  -pthread >&5
/usr/bin/ld: cannot find -lboost_thread-
collect2: error: ld returned 1 exit status
configure:17166: $? = 1
configure:17151: re-using the existing conftest.o
configure:17157: g++ -o conftest -g -O2  -pthread   -L/usr/lib conftest.o -lboost_thread-  -pthread >&5
/usr/bin/ld: cannot find -lboost_thread-
collect2: error: ld returned 1 exit status
configure:17166: $? = 1
configure:17151: re-using the existing conftest.o
configure:17157: g++ -o conftest -g -O2  -pthread   -L/lib conftest.o -lboost_thread-  -pthread >&5
/usr/bin/ld: cannot find -lboost_thread-
collect2: error: ld returned 1 exit status
configure:17166: $? = 1
configure:17151: re-using the existing conftest.o
configure:17157: g++ -o conftest -g -O2  -pthread   -L/usr/local/lib conftest.o -lboost_thread--mt-d  -pthread >&5
/usr/bin/ld: cannot find -lboost_thread--mt-d
collect2: error: ld returned 1 exit status
configure:17166: $? = 1
configure:17151: re-using the existing conftest.o
configure:17157: g++ -o conftest -g -O2  -pthread   -L/opt/lib conftest.o -lboost_thread--mt-d  -pthread >&5
/usr/bin/ld: cannot find -lboost_thread--mt-d
collect2: error: ld returned 1 exit status
configure:17166: $? = 1
configure:17151: re-using the existing conftest.o
configure:17157: g++ -o conftest -g -O2  -pthread   -L/opt/libexec conftest.o -lboost_thread--mt-d  -pthread >&5
/usr/bin/ld: cannot find -lboost_thread--mt-d
collect2: error: ld returned 1 exit status
configure:17166: $? = 1
configure:17151: re-using the existing conftest.o
configure:17157: g++ -o conftest -g -O2  -pthread   -L/usr/lib conftest.o -lboost_thread--mt-d  -pthread >&5
/usr/bin/ld: cannot find -lboost_thread--mt-d
collect2: error: ld returned 1 exit status
configure:17166: $? = 1
configure:17151: re-using the existing conftest.o
configure:17157: g++ -o conftest -g -O2  -pthread   -L/lib conftest.o -lboost_thread--mt-d  -pthread >&5
/usr/bin/ld: cannot find -lboost_thread--mt-d
collect2: error: ld returned 1 exit status
configure:17166: $? = 1
configure:17151: re-using the existing conftest.o
configure:17157: g++ -o conftest -g -O2  -pthread   -L/usr/local/lib conftest.o -lboost_thread--d  -pthread >&5
/usr/bin/ld: cannot find -lboost_thread--d
collect2: error: ld returned 1 exit status
configure:17166: $? = 1
configure:17151: re-using the existing conftest.o
configure:17157: g++ -o conftest -g -O2  -pthread   -L/opt/lib conftest.o -lboost_thread--d  -pthread >&5
/usr/bin/ld: cannot find -lboost_thread--d
collect2: error: ld returned 1 exit status
configure:17166: $? = 1
configure:17151: re-using the existing conftest.o
configure:17157: g++ -o conftest -g -O2  -pthread   -L/opt/libexec conftest.o -lboost_thread--d  -pthread >&5
/usr/bin/ld: cannot find -lboost_thread--d
collect2: error: ld returned 1 exit status
configure:17166: $? = 1
configure:17151: re-using the existing conftest.o
configure:17157: g++ -o conftest -g -O2  -pthread   -L/usr/lib conftest.o -lboost_thread--d  -pthread >&5
/usr/bin/ld: cannot find -lboost_thread--d
collect2: error: ld returned 1 exit status
configure:17166: $? = 1
configure:17151: re-using the existing conftest.o
configure:17157: g++ -o conftest -g -O2  -pthread   -L/lib conftest.o -lboost_thread--d  -pthread >&5
/usr/bin/ld: cannot find -lboost_thread--d
collect2: error: ld returned 1 exit status
configure:17166: $? = 1
configure:17151: re-using the existing conftest.o
configure:17157: g++ -o conftest -g -O2  -pthread   -L/usr/local/lib conftest.o -lboost_thread-mt-1_49  -pthread >&5
/usr/bin/ld: cannot find -lboost_thread-mt-1_49
collect2: error: ld returned 1 exit status
configure:17166: $? = 1
configure:17151: re-using the existing conftest.o
configure:17157: g++ -o conftest -g -O2  -pthread   -L/opt/lib conftest.o -lboost_thread-mt-1_49  -pthread >&5
/usr/bin/ld: cannot find -lboost_thread-mt-1_49
collect2: error: ld returned 1 exit status
configure:17166: $? = 1
configure:17151: re-using the existing conftest.o
configure:17157: g++ -o conftest -g -O2  -pthread   -L/opt/libexec conftest.o -lboost_thread-mt-1_49  -pthread >&5
/usr/bin/ld: cannot find -lboost_thread-mt-1_49
collect2: error: ld returned 1 exit status
configure:17166: $? = 1
configure:17151: re-using the existing conftest.o
configure:17157: g++ -o conftest -g -O2  -pthread   -L/usr/lib conftest.o -lboost_thread-mt-1_49  -pthread >&5
/usr/bin/ld: cannot find -lboost_thread-mt-1_49
collect2: error: ld returned 1 exit status
configure:17166: $? = 1
configure:17151: re-using the existing conftest.o
configure:17157: g++ -o conftest -g -O2  -pthread   -L/lib conftest.o -lboost_thread-mt-1_49  -pthread >&5
/usr/bin/ld: cannot find -lboost_thread-mt-1_49
collect2: error: ld returned 1 exit status
configure:17166: $? = 1
configure:17151: re-using the existing conftest.o
configure:17157: g++ -o conftest -g -O2  -pthread   -L/usr/local/lib conftest.o -lboost_thread-1_49  -pthread >&5
/usr/bin/ld: cannot find -lboost_thread-1_49
collect2: error: ld returned 1 exit status
configure:17166: $? = 1
configure:17151: re-using the existing conftest.o
configure:17157: g++ -o conftest -g -O2  -pthread   -L/opt/lib conftest.o -lboost_thread-1_49  -pthread >&5
/usr/bin/ld: cannot find -lboost_thread-1_49
collect2: error: ld returned 1 exit status
configure:17166: $? = 1
configure:17151: re-using the existing conftest.o
configure:17157: g++ -o conftest -g -O2  -pthread   -L/opt/libexec conftest.o -lboost_thread-1_49  -pthread >&5
/usr/bin/ld: cannot find -lboost_thread-1_49
collect2: error: ld returned 1 exit status
configure:17166: $? = 1
configure:17151: re-using the existing conftest.o
configure:17157: g++ -o conftest -g -O2  -pthread   -L/usr/lib conftest.o -lboost_thread-1_49  -pthread >&5
/usr/bin/ld: cannot find -lboost_thread-1_49
collect2: error: ld returned 1 exit status
configure:17166: $? = 1
configure:17151: re-using the existing conftest.o
configure:17157: g++ -o conftest -g -O2  -pthread   -L/lib conftest.o -lboost_thread-1_49  -pthread >&5
/usr/bin/ld: cannot find -lboost_thread-1_49
collect2: error: ld returned 1 exit status
configure:17166: $? = 1
configure:17151: re-using the existing conftest.o
configure:17157: g++ -o conftest -g -O2  -pthread   -L/usr/local/lib conftest.o -lboost_thread-mt-d-1_49  -pthread >&5
/usr/bin/ld: cannot find -lboost_thread-mt-d-1_49
collect2: error: ld returned 1 exit status
configure:17166: $? = 1
configure:17151: re-using the existing conftest.o
configure:17157: g++ -o conftest -g -O2  -pthread   -L/opt/lib conftest.o -lboost_thread-mt-d-1_49  -pthread >&5
/usr/bin/ld: cannot find -lboost_thread-mt-d-1_49
collect2: error: ld returned 1 exit status
configure:17166: $? = 1
configure:17151: re-using the existing conftest.o
configure:17157: g++ -o conftest -g -O2  -pthread   -L/opt/libexec conftest.o -lboost_thread-mt-d-1_49  -pthread >&5
/usr/bin/ld: cannot find -lboost_thread-mt-d-1_49
collect2: error: ld returned 1 exit status
configure:17166: $? = 1
configure:17151: re-using the existing conftest.o
configure:17157: g++ -o conftest -g -O2  -pthread   -L/usr/lib conftest.o -lboost_thread-mt-d-1_49  -pthread >&5
/usr/bin/ld: cannot find -lboost_thread-mt-d-1_49
collect2: error: ld returned 1 exit status
configure:17166: $? = 1
configure:17151: re-using the existing conftest.o
configure:17157: g++ -o conftest -g -O2  -pthread   -L/lib conftest.o -lboost_thread-mt-d-1_49  -pthread >&5
/usr/bin/ld: cannot find -lboost_thread-mt-d-1_49
collect2: error: ld returned 1 exit status
configure:17166: $? = 1
configure:17151: re-using the existing conftest.o
configure:17157: g++ -o conftest -g -O2  -pthread   -L/usr/local/lib conftest.o -lboost_thread-d-1_49  -pthread >&5
/usr/bin/ld: cannot find -lboost_thread-d-1_49
collect2: error: ld returned 1 exit status
configure:17166: $? = 1
configure:17151: re-using the existing conftest.o
configure:17157: g++ -o conftest -g -O2  -pthread   -L/opt/lib conftest.o -lboost_thread-d-1_49  -pthread >&5
/usr/bin/ld: cannot find -lboost_thread-d-1_49
collect2: error: ld returned 1 exit status
configure:17166: $? = 1
configure:17151: re-using the existing conftest.o
configure:17157: g++ -o conftest -g -O2  -pthread   -L/opt/libexec conftest.o -lboost_thread-d-1_49  -pthread >&5
/usr/bin/ld: cannot find -lboost_thread-d-1_49
collect2: error: ld returned 1 exit status
configure:17166: $? = 1
configure:17151: re-using the existing conftest.o
configure:17157: g++ -o conftest -g -O2  -pthread   -L/usr/lib conftest.o -lboost_thread-d-1_49  -pthread >&5
/usr/bin/ld: cannot find -lboost_thread-d-1_49
collect2: error: ld returned 1 exit status
configure:17166: $? = 1
configure:17151: re-using the existing conftest.o
configure:17157: g++ -o conftest -g -O2  -pthread   -L/lib conftest.o -lboost_thread-d-1_49  -pthread >&5
/usr/bin/ld: cannot find -lboost_thread-d-1_49
collect2: error: ld returned 1 exit status
configure:17166: $? = 1
configure:17151: re-using the existing conftest.o
configure:17157: g++ -o conftest -g -O2  -pthread   -L/usr/local/lib conftest.o -lboost_thread-mt  -pthread >&5
/usr/bin/ld: cannot find -lboost_thread-mt
collect2: error: ld returned 1 exit status
configure:17166: $? = 1
configure:17151: re-using the existing conftest.o
configure:17157: g++ -o conftest -g -O2  -pthread   -L/opt/lib conftest.o -lboost_thread-mt  -pthread >&5
/usr/bin/ld: cannot find -lboost_thread-mt
collect2: error: ld returned 1 exit status
configure:17166: $? = 1
configure:17151: re-using the existing conftest.o
configure:17157: g++ -o conftest -g -O2  -pthread   -L/opt/libexec conftest.o -lboost_thread-mt  -pthread >&5
/usr/bin/ld: cannot find -lboost_thread-mt
collect2: error: ld returned 1 exit status
configure:17166: $? = 1
configure:17151: re-using the existing conftest.o
configure:17157: g++ -o conftest -g -O2  -pthread   -L/usr/lib conftest.o -lboost_thread-mt  -pthread >&5
/usr/bin/ld: cannot find -lboost_thread-mt
collect2: error: ld returned 1 exit status
configure:17166: $? = 1
configure:17151: re-using the existing conftest.o
configure:17157: g++ -o conftest -g -O2  -pthread   -L/lib conftest.o -lboost_thread-mt  -pthread >&5
/usr/bin/ld: cannot find -lboost_thread-mt
collect2: error: ld returned 1 exit status
configure:17166: $? = 1
configure:17151: re-using the existing conftest.o
configure:17157: g++ -o conftest -g -O2  -pthread   -L/usr/local/lib conftest.o -lboost_thread  -pthread >&5
configure:17166: $? = 0
configure:17206: result: yes
configure:17253: checking for boost/system/error_code.hpp
configure:17253: result: yes
configure:17280: checking for the Boost system library
configure:17428: result: yes
configure:17505: checking for pkg-config
configure:17523: found /usr/bin/pkg-config
configure:17535: result: /usr/bin/pkg-config
configure:17560: checking pkg-config is at least version 0.9.0
configure:17563: result: yes
configure:17573: checking for DPTCPP
configure:17580: $PKG_CONFIG --exists --print-errors "glibmm-2.4 >= 2.30, libxml++-2.6 >= 2.34"
configure:17583: $? = 0
configure:17597: $PKG_CONFIG --exists --print-errors "glibmm-2.4 >= 2.30, libxml++-2.6 >= 2.34"
configure:17600: $? = 0
configure:17658: result: yes
configure:17667: checking for stdlib.h
configure:17667: result: yes
configure:17667: checking for string.h
configure:17667: result: yes
configure:17679: checking for stdbool.h that conforms to C99
configure:17746: gcc -c -g -O2  conftest.c >&5
configure:17746: $? = 0
configure:17753: result: yes
configure:17755: checking for _Bool
configure:17755: gcc -c -g -O2  conftest.c >&5
configure:17755: $? = 0
configure:17755: gcc -c -g -O2  conftest.c >&5
conftest.c: In function 'main':
conftest.c:69:20: error: expected expression before ')' token
configure:17755: $? = 1
configure: failed program was:
| /* confdefs.h */
| #define PACKAGE_NAME "dptcpp"
| #define PACKAGE_TARNAME "dptcpp"
| #define PACKAGE_VERSION "0.1"
| #define PACKAGE_STRING "dptcpp 0.1"
| #define PACKAGE_BUGREPORT "denes.almasi@gmail.com"
| #define PACKAGE_URL ""
| #define STDC_HEADERS 1
| #define HAVE_SYS_TYPES_H 1
| #define HAVE_SYS_STAT_H 1
| #define HAVE_STDLIB_H 1
| #define HAVE_STRING_H 1
| #define HAVE_MEMORY_H 1
| #define HAVE_STRINGS_H 1
| #define HAVE_INTTYPES_H 1
| #define HAVE_STDINT_H 1
| #define HAVE_UNISTD_H 1
| #define HAVE_DLFCN_H 1
| #define LT_OBJDIR ".libs/"
| #define PACKAGE "dptcpp"
| #define VERSION "0.1"
| #define HAVE_BOOST 1
| #define HAVE_BOOST_SYSTEM_ERROR_CODE_HPP 1
| #define HAVE_BOOST_ASIO_HPP 1
| #define HAVE_BOOST_FUNCTION_HPP 1
| #define HAVE_BOOST_TOKENIZER_HPP 1
| #define HAVE_BOOST_SIGNAL_HPP 1
| #define HAVE_BOOST_THREAD_HPP 1
| #define HAVE_BOOST_SYSTEM_ERROR_CODE_HPP 1
| #define HAVE_STDLIB_H 1
| #define HAVE_STRING_H 1
| /* end confdefs.h.  */
| #include <stdio.h>
| #ifdef HAVE_SYS_TYPES_H
| # include <sys/types.h>
| #endif
| #ifdef HAVE_SYS_STAT_H
| # include <sys/stat.h>
| #endif
| #ifdef STDC_HEADERS
| # include <stdlib.h>
| # include <stddef.h>
| #else
| # ifdef HAVE_STDLIB_H
| #  include <stdlib.h>
| # endif
| #endif
| #ifdef HAVE_STRING_H
| # if !defined STDC_HEADERS && defined HAVE_MEMORY_H
| #  include <memory.h>
| # endif
| # include <string.h>
| #endif
| #ifdef HAVE_STRINGS_H
| # include <strings.h>
| #endif
| #ifdef HAVE_INTTYPES_H
| # include <inttypes.h>
| #endif
| #ifdef HAVE_STDINT_H
| # include <stdint.h>
| #endif
| #ifdef HAVE_UNISTD_H
| # include <unistd.h>
| #endif
| int
| main ()
| {
| if (sizeof ((_Bool)))
| 	    return 0;
|   ;
|   return 0;
| }
configure:17755: result: yes
configure:17914: creating ./config.status

## ---------------- ##
## Cache variables. ##
## ---------------- ##

ac_cv_build=i686-pc-linux-gnu
ac_cv_c_compiler_gnu=yes
ac_cv_cxx_compiler_gnu=yes
ac_cv_env_BOOST_ROOT_set=
ac_cv_env_BOOST_ROOT_value=
ac_cv_env_CCC_set=
ac_cv_env_CCC_value=
ac_cv_env_CC_set=
ac_cv_env_CC_value=
ac_cv_env_CFLAGS_set=
ac_cv_env_CFLAGS_value=
ac_cv_env_CPPFLAGS_set=
ac_cv_env_CPPFLAGS_value=
ac_cv_env_CPP_set=
ac_cv_env_CPP_value=
ac_cv_env_CXXCPP_set=
ac_cv_env_CXXCPP_value=
ac_cv_env_CXXFLAGS_set=
ac_cv_env_CXXFLAGS_value=
ac_cv_env_CXX_set=
ac_cv_env_CXX_value=
ac_cv_env_DPTCPP_CFLAGS_set=
ac_cv_env_DPTCPP_CFLAGS_value=
ac_cv_env_DPTCPP_LIBS_set=
ac_cv_env_DPTCPP_LIBS_value=
ac_cv_env_LDFLAGS_set=
ac_cv_env_LDFLAGS_value=
ac_cv_env_LIBS_set=
ac_cv_env_LIBS_value=
ac_cv_env_PKG_CONFIG_LIBDIR_set=
ac_cv_env_PKG_CONFIG_LIBDIR_value=
ac_cv_env_PKG_CONFIG_PATH_set=set
ac_cv_env_PKG_CONFIG_PATH_value=:/opt/qt/lib/pkgconfig
ac_cv_env_PKG_CONFIG_set=
ac_cv_env_PKG_CONFIG_value=
ac_cv_env_build_alias_set=
ac_cv_env_build_alias_value=
ac_cv_env_host_alias_set=
ac_cv_env_host_alias_value=
ac_cv_env_target_alias_set=
ac_cv_env_target_alias_value=
ac_cv_header_boost_asio_hpp=yes
ac_cv_header_boost_function_hpp=yes
ac_cv_header_boost_signal_hpp=yes
ac_cv_header_boost_system_error_code_hpp=yes
ac_cv_header_boost_thread_hpp=yes
ac_cv_header_boost_tokenizer_hpp=yes
ac_cv_header_dlfcn_h=yes
ac_cv_header_inttypes_h=yes
ac_cv_header_memory_h=yes
ac_cv_header_stdbool_h=yes
ac_cv_header_stdc=yes
ac_cv_header_stdint_h=yes
ac_cv_header_stdlib_h=yes
ac_cv_header_string_h=yes
ac_cv_header_strings_h=yes
ac_cv_header_sys_stat_h=yes
ac_cv_header_sys_types_h=yes
ac_cv_header_unistd_h=yes
ac_cv_host=i686-pc-linux-gnu
ac_cv_objext=o
ac_cv_path_EGREP='/usr/bin/grep -E'
ac_cv_path_FGREP='/usr/bin/grep -F'
ac_cv_path_GREP=/usr/bin/grep
ac_cv_path_SED=/bin/sed
ac_cv_path_ac_pt_PKG_CONFIG=/usr/bin/pkg-config
ac_cv_path_install='/usr/bin/install -c'
ac_cv_path_mkdir=/bin/mkdir
ac_cv_prog_AWK=gawk
ac_cv_prog_CPP='gcc -E'
ac_cv_prog_CXXCPP='g++ -E'
ac_cv_prog_ac_ct_AR=ar
ac_cv_prog_ac_ct_CC=gcc
ac_cv_prog_ac_ct_CXX=g++
ac_cv_prog_ac_ct_OBJDUMP=objdump
ac_cv_prog_ac_ct_RANLIB=ranlib
ac_cv_prog_ac_ct_STRIP=strip
ac_cv_prog_cc_c89=
ac_cv_prog_cc_g=yes
ac_cv_prog_cxx_g=yes
ac_cv_prog_make_make_set=yes
ac_cv_type__Bool=yes
am_cv_CC_dependencies_compiler_type=gcc3
am_cv_CXX_dependencies_compiler_type=gcc3
boost_cv_inc_path=yes
boost_cv_lib_signals=yes
boost_cv_lib_signals_LDFLAGS='-L/usr/local/lib -Wl,-R/usr/local/lib'
boost_cv_lib_signals_LDPATH=/usr/local/lib
boost_cv_lib_signals_LIBS=-lboost_signals
boost_cv_lib_system=yes
boost_cv_lib_system_LDFLAGS='-L/usr/local/lib -Wl,-R/usr/local/lib'
boost_cv_lib_system_LDPATH=/usr/local/lib
boost_cv_lib_system_LIBS=-lboost_system
boost_cv_lib_tag=
boost_cv_lib_thread=yes
boost_cv_lib_thread_LDFLAGS='-L/usr/local/lib -Wl,-R/usr/local/lib'
boost_cv_lib_thread_LDPATH=/usr/local/lib
boost_cv_lib_thread_LIBS=-lboost_thread
boost_cv_lib_version=1_49
boost_cv_pthread_flag=-pthread
lt_cv_ar_at_file=@
lt_cv_archive_cmds_need_lc=no
lt_cv_deplibs_check_method=pass_all
lt_cv_file_magic_cmd='$MAGIC_CMD'
lt_cv_file_magic_test_file=
lt_cv_ld_reload_flag=-r
lt_cv_nm_interface='BSD nm'
lt_cv_objdir=.libs
lt_cv_path_LD=/usr/bin/ld
lt_cv_path_LDCXX=/usr/bin/ld
lt_cv_path_NM='/usr/bin/nm -B'
lt_cv_path_mainfest_tool=no
lt_cv_prog_compiler_c_o=yes
lt_cv_prog_compiler_c_o_CXX=yes
lt_cv_prog_compiler_pic='-fPIC -DPIC'
lt_cv_prog_compiler_pic_CXX='-fPIC -DPIC'
lt_cv_prog_compiler_pic_works=yes
lt_cv_prog_compiler_pic_works_CXX=yes
lt_cv_prog_compiler_rtti_exceptions=no
lt_cv_prog_compiler_static_works=yes
lt_cv_prog_compiler_static_works_CXX=yes
lt_cv_prog_gnu_ld=yes
lt_cv_prog_gnu_ldcxx=yes
lt_cv_sharedlib_from_linklib_cmd='printf %s\n'
lt_cv_shlibpath_overrides_runpath=no
lt_cv_sys_global_symbol_pipe='sed -n -e '\''s/^.*[	 ]\([ABCDGIRSTW][ABCDGIRSTW]*\)[	 ][	 ]*\([_A-Za-z][_A-Za-z0-9]*\)$/\1 \2 \2/p'\'' | sed '\''/ __gnu_lto/d'\'''
lt_cv_sys_global_symbol_to_c_name_address='sed -n -e '\''s/^: \([^ ]*\)[ ]*$/  {\"\1\", (void *) 0},/p'\'' -e '\''s/^[ABCDGIRSTW]* \([^ ]*\) \([^ ]*\)$/  {"\2", (void *) \&\2},/p'\'''
lt_cv_sys_global_symbol_to_c_name_address_lib_prefix='sed -n -e '\''s/^: \([^ ]*\)[ ]*$/  {\"\1\", (void *) 0},/p'\'' -e '\''s/^[ABCDGIRSTW]* \([^ ]*\) \(lib[^ ]*\)$/  {"\2", (void *) \&\2},/p'\'' -e '\''s/^[ABCDGIRSTW]* \([^ ]*\) \([^ ]*\)$/  {"lib\2", (void *) \&\2},/p'\'''
lt_cv_sys_global_symbol_to_cdecl='sed -n -e '\''s/^T .* \(.*\)$/extern int \1();/p'\'' -e '\''s/^[ABCDGIRSTW]* .* \(.*\)$/extern char \1;/p'\'''
lt_cv_sys_max_cmd_len=1572864
lt_cv_to_host_file_cmd=func_convert_file_noop
lt_cv_to_tool_file_cmd=func_convert_file_noop
pkg_cv_DPTCPP_CFLAGS='-pthread -I/usr/include/glibmm-2.4 -I/usr/lib/glibmm-2.4/include -I/usr/include/sigc++-2.0 -I/usr/lib/sigc++-2.0/include -I/usr/include/glib-2.0 -I/usr/lib/glib-2.0/include -I/usr/include/libxml++-2.6 -I/usr/lib/libxml++-2.6/include -I/usr/include/libxml2  '
pkg_cv_DPTCPP_LIBS='-pthread -lxml++-2.6 -lxml2 -lglibmm-2.4 -lgobject-2.0 -lsigc-2.0 -lgthread-2.0 -lrt -lglib-2.0  '

## ----------------- ##
## Output variables. ##
## ----------------- ##

ACLOCAL='${SHELL} /home/denes/Devel/Bleeding/denprot/dptcpp/missing --run aclocal-1.11'
AMDEPBACKSLASH='\'
AMDEP_FALSE='#'
AMDEP_TRUE=''
AMTAR='$${TAR-tar}'
AR='ar'
AUTOCONF='${SHELL} /home/denes/Devel/Bleeding/denprot/dptcpp/missing --run autoconf'
AUTOHEADER='${SHELL} /home/denes/Devel/Bleeding/denprot/dptcpp/missing --run autoheader'
AUTOMAKE='${SHELL} /home/denes/Devel/Bleeding/denprot/dptcpp/missing --run automake-1.11'
AWK='gawk'
BOOST_CPPFLAGS=' -pthread'
BOOST_LDPATH='/usr/local/lib'
BOOST_ROOT=''
BOOST_SIGNALS_LDFLAGS='-L/usr/local/lib -Wl,-R/usr/local/lib'
BOOST_SIGNALS_LDPATH='/usr/local/lib'
BOOST_SIGNALS_LIBS='-lboost_signals'
BOOST_SYSTEM_LDFLAGS='-L/usr/local/lib -Wl,-R/usr/local/lib'
BOOST_SYSTEM_LDPATH='/usr/local/lib'
BOOST_SYSTEM_LIBS='-lboost_system'
BOOST_THREAD_LDFLAGS='-L/usr/local/lib -Wl,-R/usr/local/lib'
BOOST_THREAD_LDPATH='/usr/local/lib'
BOOST_THREAD_LIBS='-lboost_thread -pthread'
CC='gcc'
CCDEPMODE='depmode=gcc3'
CFLAGS='-g -O2'
CPP='gcc -E'
CPPFLAGS=''
CXX='g++'
CXXCPP='g++ -E'
CXXDEPMODE='depmode=gcc3'
CXXFLAGS='-g -O2'
CYGPATH_W='echo'
DEFS='-DHAVE_CONFIG_H'
DEPDIR='.deps'
DISTCHECK_CONFIGURE_FLAGS=' '\''--with-boost='\'''
DLLTOOL='false'
DPTCPP_CFLAGS='-pthread -I/usr/include/glibmm-2.4 -I/usr/lib/glibmm-2.4/include -I/usr/include/sigc++-2.0 -I/usr/lib/sigc++-2.0/include -I/usr/include/glib-2.0 -I/usr/lib/glib-2.0/include -I/usr/include/libxml++-2.6 -I/usr/lib/libxml++-2.6/include -I/usr/include/libxml2  '
DPTCPP_LIBS='-pthread -lxml++-2.6 -lxml2 -lglibmm-2.4 -lgobject-2.0 -lsigc-2.0 -lgthread-2.0 -lrt -lglib-2.0  '
DSYMUTIL=''
DUMPBIN=''
ECHO_C=''
ECHO_N='-n'
ECHO_T=''
EGREP='/usr/bin/grep -E'
EXEEXT=''
FGREP='/usr/bin/grep -F'
GREP='/usr/bin/grep'
INSTALL_DATA='${INSTALL} -m 644'
INSTALL_PROGRAM='${INSTALL}'
INSTALL_SCRIPT='${INSTALL}'
INSTALL_STRIP_PROGRAM='$(install_sh) -c -s'
LD='/usr/bin/ld'
LDFLAGS=''
LIBOBJS=''
LIBS=''
LIBTOOL='$(SHELL) $(top_builddir)/libtool'
LIPO=''
LN_S='ln -s'
LTLIBOBJS=''
MAKEINFO='${SHELL} /home/denes/Devel/Bleeding/denprot/dptcpp/missing --run makeinfo'
MANIFEST_TOOL=':'
MKDIR_P='/bin/mkdir -p'
NM='/usr/bin/nm -B'
NMEDIT=''
OBJDUMP='objdump'
OBJEXT='o'
OTOOL64=''
OTOOL=''
PACKAGE='dptcpp'
PACKAGE_BUGREPORT='denes.almasi@gmail.com'
PACKAGE_NAME='dptcpp'
PACKAGE_STRING='dptcpp 0.1'
PACKAGE_TARNAME='dptcpp'
PACKAGE_URL=''
PACKAGE_VERSION='0.1'
PATH_SEPARATOR=':'
PKG_CONFIG='/usr/bin/pkg-config'
PKG_CONFIG_LIBDIR=''
PKG_CONFIG_PATH=':/opt/qt/lib/pkgconfig'
RANLIB='ranlib'
SED='/bin/sed'
SET_MAKE=''
SHELL='/bin/sh'
STRIP='strip'
VERSION='0.1'
ac_ct_AR='ar'
ac_ct_CC='gcc'
ac_ct_CXX='g++'
ac_ct_DUMPBIN=''
am__EXEEXT_FALSE=''
am__EXEEXT_TRUE='#'
am__fastdepCC_FALSE='#'
am__fastdepCC_TRUE=''
am__fastdepCXX_FALSE='#'
am__fastdepCXX_TRUE=''
am__include='include'
am__isrc=''
am__leading_dot='.'
am__nodep='_no'
am__quote=''
am__tar='$${TAR-tar} chof - "$$tardir"'
am__untar='$${TAR-tar} xf -'
bindir='${exec_prefix}/bin'
build='i686-pc-linux-gnu'
build_alias=''
build_cpu='i686'
build_os='linux-gnu'
build_vendor='pc'
datadir='${datarootdir}'
datarootdir='${prefix}/share'
docdir='${datarootdir}/doc/${PACKAGE_TARNAME}'
dvidir='${docdir}'
exec_prefix='${prefix}'
host='i686-pc-linux-gnu'
host_alias=''
host_cpu='i686'
host_os='linux-gnu'
host_vendor='pc'
htmldir='${docdir}'
includedir='${prefix}/include'
infodir='${datarootdir}/info'
install_sh='${SHELL} /home/denes/Devel/Bleeding/denprot/dptcpp/install-sh'
libdir='${exec_prefix}/lib'
libexecdir='${exec_prefix}/libexec'
localedir='${datarootdir}/locale'
localstatedir='${prefix}/var'
mandir='${datarootdir}/man'
mkdir_p='/bin/mkdir -p'
oldincludedir='/usr/include'
pdfdir='${docdir}'
prefix='/usr'
program_transform_name='s,x,x,'
psdir='${docdir}'
sbindir='${exec_prefix}/sbin'
sharedstatedir='${prefix}/com'
sysconfdir='${prefix}/etc'
target_alias=''

## ----------- ##
## confdefs.h. ##
## ----------- ##

/* confdefs.h */
#define PACKAGE_NAME "dptcpp"
#define PACKAGE_TARNAME "dptcpp"
#define PACKAGE_VERSION "0.1"
#define PACKAGE_STRING "dptcpp 0.1"
#define PACKAGE_BUGREPORT "denes.almasi@gmail.com"
#define PACKAGE_URL ""
#define STDC_HEADERS 1
#define HAVE_SYS_TYPES_H 1
#define HAVE_SYS_STAT_H 1
#define HAVE_STDLIB_H 1
#define HAVE_STRING_H 1
#define HAVE_MEMORY_H 1
#define HAVE_STRINGS_H 1
#define HAVE_INTTYPES_H 1
#define HAVE_STDINT_H 1
#define HAVE_UNISTD_H 1
#define HAVE_DLFCN_H 1
#define LT_OBJDIR ".libs/"
#define PACKAGE "dptcpp"
#define VERSION "0.1"
#define HAVE_BOOST 1
#define HAVE_BOOST_SYSTEM_ERROR_CODE_HPP 1
#define HAVE_BOOST_ASIO_HPP 1
#define HAVE_BOOST_FUNCTION_HPP 1
#define HAVE_BOOST_TOKENIZER_HPP 1
#define HAVE_BOOST_SIGNAL_HPP 1
#define HAVE_BOOST_THREAD_HPP 1
#define HAVE_BOOST_SYSTEM_ERROR_CODE_HPP 1
#define HAVE_STDLIB_H 1
#define HAVE_STRING_H 1
#define HAVE__BOOL 1
#define HAVE_STDBOOL_H 1

configure: exit 0

## ---------------------- ##
## Running config.status. ##
## ---------------------- ##

This file was extended by dptcpp config.status 0.1, which was
generated by GNU Autoconf 2.68.  Invocation command line was

  CONFIG_FILES    = 
  CONFIG_HEADERS  = 
  CONFIG_LINKS    = 
  CONFIG_COMMANDS = 
  $ ./config.status 

on athen

config.status:1184: creating Makefile
config.status:1184: creating src/Makefile
config.status:1184: creating inc/Makefile
config.status:1184: creating config.h
config.status:1365: config.h is unchanged
config.status:1413: executing libtool commands
config.status:1413: executing depfiles commands

## ---------------------- ##
## Running config.status. ##
## ---------------------- ##

This file was extended by dptcpp config.status 0.1, which was
generated by GNU Autoconf 2.68.  Invocation command line was

  CONFIG_FILES    = 
  CONFIG_HEADERS  = 
  CONFIG_LINKS    = 
  CONFIG_COMMANDS = 
  $ ./config.status config.h

on athen

config.status:1184: creating config.h
config.status:1365: config.h is unchanged
